<?xml version="1.0" encoding="utf-8"?>
<CoverageSession xmlns:xsd="http://www.w3.org/2001/XMLSchema" xmlns:xsi="http://www.w3.org/2001/XMLSchema-instance">
  <Summary numSequencePoints="370" visitedSequencePoints="227" numBranchPoints="76" visitedBranchPoints="37" sequenceCoverage="61.35" branchCoverage="48.68" maxCyclomaticComplexity="14" minCyclomaticComplexity="1" visitedClasses="5" numClasses="6" visitedMethods="23" numMethods="48" />
  <Modules>
    <Module skippedDueTo="Filter" hash="6B-03-99-8B-61-84-C6-17-39-14-1E-83-89-39-DD-BE-16-43-28-CA">
      <ModulePath>C:\WINDOWS\assembly\GAC_64\mscorlib\2.0.0.0__b77a5c561934e089\mscorlib.dll</ModulePath>
      <ModuleTime>2015-10-10T00:24:26Z</ModuleTime>
      <ModuleName>mscorlib</ModuleName>
      <Classes />
    </Module>
    <Module skippedDueTo="Filter" hash="F9-04-A8-31-CD-FB-23-72-95-63-5D-14-9A-A0-66-8E-7F-44-93-7A">
      <ModulePath>C:\WINDOWS\assembly\GAC_64\mscorlib\2.0.0.0__b77a5c561934e089\sorttbls.nlp</ModulePath>
      <ModuleTime>2015-03-30T20:50:50Z</ModuleTime>
      <ModuleName>mscorlib</ModuleName>
      <Classes />
    </Module>
    <Module skippedDueTo="Filter" hash="6E-30-2E-50-36-FB-60-2C-8E-50-C0-83-54-8B-CC-EA-A8-91-B6-CC">
      <ModulePath>C:\WINDOWS\assembly\GAC_64\mscorlib\2.0.0.0__b77a5c561934e089\sortkey.nlp</ModulePath>
      <ModuleTime>2015-03-30T20:50:50Z</ModuleTime>
      <ModuleName>mscorlib</ModuleName>
      <Classes />
    </Module>
    <Module skippedDueTo="Filter" hash="1D-46-DB-5D-3C-52-60-C3-5C-72-3F-8B-B2-E4-9D-4D-47-8A-C8-80">
      <ModulePath>C:\WINDOWS\assembly\GAC_MSIL\mscorlib.resources\2.0.0.0_pt-BR_b77a5c561934e089\mscorlib.resources.dll</ModulePath>
      <ModuleTime>2015-10-30T19:10:52.2216647Z</ModuleTime>
      <ModuleName>mscorlib.resources</ModuleName>
      <Classes />
    </Module>
    <Module skippedDueTo="Filter" hash="A2-D1-55-AA-16-B0-25-83-4D-9C-49-66-8B-84-5A-7D-78-2C-EA-C1">
      <ModulePath>C:\workspace\msbuildscmtasks\testrunner\NUnit.Console.3.0.1\tools\nunit-console.exe</ModulePath>
      <ModuleTime>2016-02-04T19:40:51.1014201Z</ModuleTime>
      <ModuleName>nunit3-console</ModuleName>
      <Classes />
    </Module>
    <Module skippedDueTo="Filter" hash="DE-AB-D5-72-61-25-B2-57-1F-1F-46-F0-8A-A7-C3-22-6B-7E-FD-7A">
      <ModulePath>C:\WINDOWS\assembly\GAC_MSIL\System\2.0.0.0__b77a5c561934e089\System.dll</ModulePath>
      <ModuleTime>2015-10-23T20:47:06Z</ModuleTime>
      <ModuleName>System</ModuleName>
      <Classes />
    </Module>
    <Module skippedDueTo="Filter" hash="01-1E-2B-2F-B0-E1-27-09-9F-B5-76-AA-05-24-FC-3A-42-E5-97-A4">
      <ModulePath>C:\workspace\msbuildscmtasks\testrunner\NUnit.Console.3.0.1\tools\nunit.engine.api.dll</ModulePath>
      <ModuleTime>2016-02-04T19:40:51.0974171Z</ModuleTime>
      <ModuleName>nunit.engine.api</ModuleName>
      <Classes />
    </Module>
    <Module skippedDueTo="Filter" hash="AB-0D-F2-3F-C0-76-04-4D-C6-65-B7-47-37-C5-EC-DD-FF-4D-5F-C1">
      <ModulePath>C:\workspace\msbuildscmtasks\testrunner\NUnit.Console.3.0.1\tools\nunit.engine.dll</ModulePath>
      <ModuleTime>2016-02-04T19:40:51.1004197Z</ModuleTime>
      <ModuleName>nunit.engine</ModuleName>
      <Classes />
    </Module>
    <Module skippedDueTo="Filter" hash="AB-0D-F2-3F-C0-76-04-4D-C6-65-B7-47-37-C5-EC-DD-FF-4D-5F-C1">
      <ModulePath>C:\workspace\msbuildscmtasks\testrunner\NUnit.Console.3.0.1\tools\nunit.engine.dll</ModulePath>
      <ModuleTime>2016-02-04T19:40:51.1004197Z</ModuleTime>
      <ModuleName>nunit.engine</ModuleName>
      <Classes />
    </Module>
    <Module skippedDueTo="Filter" hash="DB-5A-60-CD-4E-CE-E0-E9-4D-2D-3E-25-D0-7B-79-B2-DF-43-15-34">
      <ModulePath>C:\WINDOWS\assembly\GAC_MSIL\System.Xml\2.0.0.0__b77a5c561934e089\System.Xml.dll</ModulePath>
      <ModuleTime>2015-10-23T20:47:06Z</ModuleTime>
      <ModuleName>System.Xml</ModuleName>
      <Classes />
    </Module>
    <Module skippedDueTo="Filter" hash="37-46-66-3A-94-3A-7A-CC-2A-00-A1-E9-E5-62-BF-FD-E7-59-AC-B4">
      <ModulePath>C:\WINDOWS\assembly\GAC_MSIL\System.Configuration\2.0.0.0__b03f5f7f11d50a3a\System.Configuration.dll</ModulePath>
      <ModuleTime>2015-10-23T20:47:06Z</ModuleTime>
      <ModuleName>System.Configuration</ModuleName>
      <Classes />
    </Module>
    <Module skippedDueTo="Filter" hash="1F-AB-EC-E2-05-0F-B6-9D-E2-20-0E-A4-87-E4-F7-7B-90-85-FA-6D">
      <ModulePath>C:\WINDOWS\assembly\GAC_64\System.Web\2.0.0.0__b03f5f7f11d50a3a\System.Web.dll</ModulePath>
      <ModuleTime>2015-10-10T00:24:28Z</ModuleTime>
      <ModuleName>System.Web</ModuleName>
      <Classes />
    </Module>
    <Module skippedDueTo="Filter" hash="8A-2E-8F-D6-9D-39-02-4A-2F-30-FC-06-42-F7-0F-A8-32-69-07-72">
      <ModulePath>C:\workspace\msbuildscmtasks\testrunner\NUnit.Console.3.0.1\tools\Mono.Cecil.dll</ModulePath>
      <ModuleTime>2016-02-04T19:40:51.0864124Z</ModuleTime>
      <ModuleName>Mono.Cecil</ModuleName>
      <Classes />
    </Module>
    <Module skippedDueTo="Filter" hash="33-B9-58-95-DD-EF-7F-62-9C-B4-3C-77-45-57-55-78-58-E8-D9-9F">
      <ModulePath>C:\WINDOWS\assembly\GAC_MSIL\System.Runtime.Remoting\2.0.0.0__b77a5c561934e089\System.Runtime.Remoting.dll</ModulePath>
      <ModuleTime>2015-10-23T20:47:06Z</ModuleTime>
      <ModuleName>System.Runtime.Remoting</ModuleName>
      <Classes />
    </Module>
    <Module skippedDueTo="Filter" hash="98-23-0F-C8-CC-3A-21-FE-6F-E0-A9-97-6A-5C-D9-79-8D-83-61-D8">
      <ModulePath>C:\WINDOWS\Microsoft.Net\assembly\GAC_64\mscorlib\v4.0_4.0.0.0__b77a5c561934e089\mscorlib.dll</ModulePath>
      <ModuleTime>2016-02-05T12:51:50.1989474Z</ModuleTime>
      <ModuleName>mscorlib</ModuleName>
      <Classes />
    </Module>
    <Module skippedDueTo="Filter" hash="F3-B4-92-C3-8F-38-B5-60-40-1E-E2-34-0E-37-2E-20-B5-58-BD-A5">
      <ModulePath>C:\workspace\msbuildscmtasks\testrunner\NUnit.Console.3.0.1\tools\nunit-agent.exe</ModulePath>
      <ModuleTime>2016-02-04T19:40:51.0914135Z</ModuleTime>
      <ModuleName>nunit-agent</ModuleName>
      <Classes />
    </Module>
    <Module skippedDueTo="Filter" hash="AB-0D-F2-3F-C0-76-04-4D-C6-65-B7-47-37-C5-EC-DD-FF-4D-5F-C1">
      <ModulePath>C:\workspace\msbuildscmtasks\testrunner\NUnit.Console.3.0.1\tools\nunit.engine.dll</ModulePath>
      <ModuleTime>2016-02-04T19:40:51.1004197Z</ModuleTime>
      <ModuleName>nunit.engine</ModuleName>
      <Classes />
    </Module>
    <Module skippedDueTo="Filter" hash="01-1E-2B-2F-B0-E1-27-09-9F-B5-76-AA-05-24-FC-3A-42-E5-97-A4">
      <ModulePath>C:\workspace\msbuildscmtasks\testrunner\NUnit.Console.3.0.1\tools\nunit.engine.api.dll</ModulePath>
      <ModuleTime>2016-02-04T19:40:51.0974171Z</ModuleTime>
      <ModuleName>nunit.engine.api</ModuleName>
      <Classes />
    </Module>
    <Module skippedDueTo="Filter" hash="9C-FE-E2-A6-9F-FD-D5-B5-60-E4-1D-A6-78-A7-71-C0-A5-E7-22-B1">
      <ModulePath>C:\WINDOWS\Microsoft.Net\assembly\GAC_MSIL\System.Runtime.Remoting\v4.0_4.0.0.0__b77a5c561934e089\System.Runtime.Remoting.dll</ModulePath>
      <ModuleTime>2015-10-30T07:19:38.0026412Z</ModuleTime>
      <ModuleName>System.Runtime.Remoting</ModuleName>
      <Classes />
    </Module>
    <Module skippedDueTo="Filter" hash="14-EE-03-D7-75-4C-A4-7D-7D-56-1B-38-DD-F3-EE-4C-FD-B8-7F-75">
      <ModulePath>C:\WINDOWS\Microsoft.Net\assembly\GAC_MSIL\System\v4.0_4.0.0.0__b77a5c561934e089\System.dll</ModulePath>
      <ModuleTime>2015-10-30T07:19:38.0807661Z</ModuleTime>
      <ModuleName>System</ModuleName>
      <Classes />
    </Module>
    <Module skippedDueTo="Filter" hash="EF-52-21-EB-4F-85-D8-B3-D7-89-84-B0-B6-75-FA-E6-AA-E1-AE-FC">
      <ModulePath>C:\WINDOWS\Microsoft.Net\assembly\GAC_MSIL\System.Xml\v4.0_4.0.0.0__b77a5c561934e089\System.Xml.dll</ModulePath>
      <ModuleTime>2015-10-30T07:19:38.0182662Z</ModuleTime>
      <ModuleName>System.Xml</ModuleName>
      <Classes />
    </Module>
    <Module skippedDueTo="Filter" hash="1B-0C-C3-F2-9F-9D-FA-A0-48-C8-1D-B5-D5-A1-D4-7F-CB-CB-94-2F">
      <ModulePath>C:\WINDOWS\Microsoft.Net\assembly\GAC_64\System.Web\v4.0_4.0.0.0__b03f5f7f11d50a3a\System.Web.dll</ModulePath>
      <ModuleTime>2015-10-30T07:19:36.1276471Z</ModuleTime>
      <ModuleName>System.Web</ModuleName>
      <Classes />
    </Module>
    <Module skippedDueTo="Filter" hash="8A-2E-8F-D6-9D-39-02-4A-2F-30-FC-06-42-F7-0F-A8-32-69-07-72">
      <ModulePath>C:\workspace\msbuildscmtasks\testrunner\NUnit.Console.3.0.1\tools\Mono.Cecil.dll</ModulePath>
      <ModuleTime>2016-02-04T19:40:51.0864124Z</ModuleTime>
      <ModuleName>Mono.Cecil</ModuleName>
      <Classes />
    </Module>
    <Module skippedDueTo="Filter" hash="49-F6-B9-FA-89-1F-12-21-02-F2-B4-EB-98-8E-A0-5F-9D-8D-B9-EB">
      <ModulePath>C:\WINDOWS\Microsoft.Net\assembly\GAC_MSIL\System.Configuration\v4.0_4.0.0.0__b03f5f7f11d50a3a\System.Configuration.dll</ModulePath>
      <ModuleTime>2015-10-30T07:19:36.3463962Z</ModuleTime>
      <ModuleName>System.Configuration</ModuleName>
      <Classes />
    </Module>
    <Module skippedDueTo="Filter" hash="AB-0D-F2-3F-C0-76-04-4D-C6-65-B7-47-37-C5-EC-DD-FF-4D-5F-C1">
      <ModulePath>C:\workspace\msbuildscmtasks\testrunner\NUnit.Console.3.0.1\tools\nunit.engine.dll</ModulePath>
      <ModuleTime>2016-02-04T19:40:51.1004197Z</ModuleTime>
      <ModuleName>nunit.engine</ModuleName>
      <Classes />
    </Module>
    <Module skippedDueTo="Filter" hash="01-1E-2B-2F-B0-E1-27-09-9F-B5-76-AA-05-24-FC-3A-42-E5-97-A4">
      <ModulePath>C:\workspace\msbuildscmtasks\testrunner\NUnit.Console.3.0.1\tools\nunit.engine.api.dll</ModulePath>
      <ModuleTime>2016-02-04T19:40:51.0974171Z</ModuleTime>
      <ModuleName>nunit.engine.api</ModuleName>
      <Classes />
    </Module>
    <Module hash="0B-EB-FA-23-B7-73-BE-0D-9C-64-ED-23-F2-6A-11-4F-3F-0D-01-32">
      <Summary numSequencePoints="150" visitedSequencePoints="140" numBranchPoints="17" visitedBranchPoints="16" sequenceCoverage="93.33" branchCoverage="94.12" maxCyclomaticComplexity="2" minCyclomaticComplexity="1" visitedClasses="1" numClasses="1" visitedMethods="16" numMethods="17" />
      <ModulePath>C:\workspace\msbuildscmtasks\MSBuild.SCM.Tasks.BumpVersion.Test\bin\Debug\MSBuild.SCM.Tasks.BumpVersion.Test.dll</ModulePath>
      <ModuleTime>2016-02-12T19:03:41.6570947Z</ModuleTime>
      <ModuleName>MSBuild.SCM.Tasks.BumpVersion.Test</ModuleName>
      <Files>
        <File uid="1" fullPath="C:\workspace\msbuildscmtasks\MSBuild.SCM.Tasks.BumpVersion.Test\BumpTest.cs" />
      </Files>
      <Classes>
        <Class>
          <Summary numSequencePoints="0" visitedSequencePoints="0" numBranchPoints="0" visitedBranchPoints="0" sequenceCoverage="0" branchCoverage="0" maxCyclomaticComplexity="0" minCyclomaticComplexity="0" visitedClasses="0" numClasses="0" visitedMethods="0" numMethods="0" />
          <FullName>&lt;Module&gt;</FullName>
          <Methods />
        </Class>
        <Class>
          <Summary numSequencePoints="150" visitedSequencePoints="140" numBranchPoints="17" visitedBranchPoints="16" sequenceCoverage="93.33" branchCoverage="94.12" maxCyclomaticComplexity="2" minCyclomaticComplexity="1" visitedClasses="1" numClasses="1" visitedMethods="16" numMethods="17" />
          <FullName>MSBuild.SCM.Tasks.BumpVersion.Test.BumpTest</FullName>
          <Methods>
            <Method visited="true" cyclomaticComplexity="1" nPathComplexity="0" sequenceCoverage="100" branchCoverage="100" isConstructor="false" isStatic="false" isGetter="false" isSetter="false">
              <Summary numSequencePoints="3" visitedSequencePoints="3" numBranchPoints="1" visitedBranchPoints="1" sequenceCoverage="100" branchCoverage="100" maxCyclomaticComplexity="1" minCyclomaticComplexity="1" visitedClasses="0" numClasses="0" visitedMethods="1" numMethods="1" />
              <MetadataToken>100663297</MetadataToken>
              <Name>System.String MSBuild.SCM.Tasks.BumpVersion.Test.BumpTest::GetVersionNumber(System.String)</Name>
              <FileRef uid="1" />
              <SequencePoints>
                <SequencePoint vc="11" uspid="1" ordinal="0" offset="0" sl="13" sc="9" el="13" ec="10" bec="0" bev="0" fileid="1" />
                <SequencePoint vc="11" uspid="2" ordinal="1" offset="1" sl="14" sc="13" el="14" ec="105" bec="0" bev="0" fileid="1" />
                <SequencePoint vc="11" uspid="3" ordinal="2" offset="39" sl="15" sc="9" el="15" ec="10" bec="0" bev="0" fileid="1" />
              </SequencePoints>
              <BranchPoints />
              <MethodPoint xsi:type="SequencePoint" vc="11" uspid="1" ordinal="0" offset="0" sl="13" sc="9" el="13" ec="10" bec="0" bev="0" fileid="1" />
            </Method>
            <Method visited="true" cyclomaticComplexity="2" nPathComplexity="0" sequenceCoverage="100" branchCoverage="100" isConstructor="false" isStatic="false" isGetter="false" isSetter="false">
              <Summary numSequencePoints="6" visitedSequencePoints="6" numBranchPoints="1" visitedBranchPoints="1" sequenceCoverage="100" branchCoverage="100" maxCyclomaticComplexity="2" minCyclomaticComplexity="2" visitedClasses="0" numClasses="0" visitedMethods="1" numMethods="1" />
              <MetadataToken>100663298</MetadataToken>
              <Name>System.Void MSBuild.SCM.Tasks.BumpVersion.Test.BumpTest::InitTestFile()</Name>
              <FileRef uid="1" />
              <SequencePoints>
                <SequencePoint vc="12" uspid="4" ordinal="0" offset="0" sl="19" sc="9" el="19" ec="10" bec="0" bev="0" fileid="1" />
                <SequencePoint vc="12" uspid="5" ordinal="1" offset="1" sl="20" sc="20" el="20" ec="67" bec="0" bev="0" fileid="1" />
                <SequencePoint vc="12" uspid="6" ordinal="2" offset="12" sl="21" sc="13" el="21" ec="14" bec="0" bev="0" fileid="1" />
                <SequencePoint vc="12" uspid="7" ordinal="3" offset="13" sl="22" sc="17" el="22" ec="78" bec="0" bev="0" fileid="1" />
                <SequencePoint vc="12" uspid="8" ordinal="4" offset="25" sl="23" sc="13" el="23" ec="14" bec="0" bev="0" fileid="1" />
                <SequencePoint vc="12" uspid="9" ordinal="5" offset="39" sl="29" sc="9" el="29" ec="10" bec="0" bev="0" fileid="1" />
              </SequencePoints>
              <BranchPoints />
              <MethodPoint xsi:type="SequencePoint" vc="12" uspid="4" ordinal="0" offset="0" sl="19" sc="9" el="19" ec="10" bec="0" bev="0" fileid="1" />
            </Method>
            <Method visited="true" cyclomaticComplexity="1" nPathComplexity="0" sequenceCoverage="100" branchCoverage="100" isConstructor="false" isStatic="false" isGetter="false" isSetter="false">
              <Summary numSequencePoints="3" visitedSequencePoints="3" numBranchPoints="1" visitedBranchPoints="1" sequenceCoverage="100" branchCoverage="100" maxCyclomaticComplexity="1" minCyclomaticComplexity="1" visitedClasses="0" numClasses="0" visitedMethods="1" numMethods="1" />
              <MetadataToken>100663299</MetadataToken>
              <Name>System.Void MSBuild.SCM.Tasks.BumpVersion.Test.BumpTest::DestroyTestFile()</Name>
              <FileRef uid="1" />
              <SequencePoints>
                <SequencePoint vc="12" uspid="10" ordinal="0" offset="0" sl="33" sc="9" el="33" ec="10" bec="0" bev="0" fileid="1" />
                <SequencePoint vc="12" uspid="11" ordinal="1" offset="1" sl="34" sc="13" el="34" ec="43" bec="0" bev="0" fileid="1" />
                <SequencePoint vc="12" uspid="12" ordinal="2" offset="12" sl="35" sc="9" el="35" ec="10" bec="0" bev="0" fileid="1" />
              </SequencePoints>
              <BranchPoints />
              <MethodPoint xsi:type="SequencePoint" vc="12" uspid="10" ordinal="0" offset="0" sl="33" sc="9" el="33" ec="10" bec="0" bev="0" fileid="1" />
            </Method>
            <Method visited="true" cyclomaticComplexity="2" nPathComplexity="0" sequenceCoverage="100" branchCoverage="100" isConstructor="false" isStatic="false" isGetter="false" isSetter="false">
              <Summary numSequencePoints="9" visitedSequencePoints="9" numBranchPoints="1" visitedBranchPoints="1" sequenceCoverage="100" branchCoverage="100" maxCyclomaticComplexity="2" minCyclomaticComplexity="2" visitedClasses="0" numClasses="0" visitedMethods="1" numMethods="1" />
              <MetadataToken>100663300</MetadataToken>
              <Name>System.Void MSBuild.SCM.Tasks.BumpVersion.Test.BumpTest::BuildOption()</Name>
              <FileRef uid="1" />
              <SequencePoints>
                <SequencePoint vc="1" uspid="13" ordinal="0" offset="0" sl="39" sc="9" el="39" ec="10" bec="0" bev="0" fileid="1" />
                <SequencePoint vc="1" uspid="14" ordinal="1" offset="1" sl="40" sc="13" el="40" ec="50" bec="0" bev="0" fileid="1" />
                <SequencePoint vc="1" uspid="15" ordinal="2" offset="17" sl="41" sc="20" el="41" ec="67" bec="0" bev="0" fileid="1" />
                <SequencePoint vc="1" uspid="16" ordinal="3" offset="28" sl="42" sc="13" el="42" ec="14" bec="0" bev="0" fileid="1" />
                <SequencePoint vc="1" uspid="17" ordinal="4" offset="29" sl="43" sc="17" el="43" ec="49" bec="0" bev="0" fileid="1" />
                <SequencePoint vc="1" uspid="18" ordinal="5" offset="36" sl="44" sc="17" el="44" ec="63" bec="0" bev="0" fileid="1" />
                <SequencePoint vc="1" uspid="19" ordinal="6" offset="44" sl="45" sc="17" el="45" ec="59" bec="0" bev="0" fileid="1" />
                <SequencePoint vc="1" uspid="20" ordinal="7" offset="56" sl="46" sc="13" el="46" ec="14" bec="0" bev="0" fileid="1" />
                <SequencePoint vc="1" uspid="21" ordinal="8" offset="70" sl="47" sc="9" el="47" ec="10" bec="0" bev="0" fileid="1" />
              </SequencePoints>
              <BranchPoints />
              <MethodPoint xsi:type="SequencePoint" vc="1" uspid="13" ordinal="0" offset="0" sl="39" sc="9" el="39" ec="10" bec="0" bev="0" fileid="1" />
            </Method>
            <Method visited="true" cyclomaticComplexity="2" nPathComplexity="0" sequenceCoverage="100" branchCoverage="100" isConstructor="false" isStatic="false" isGetter="false" isSetter="false">
              <Summary numSequencePoints="9" visitedSequencePoints="9" numBranchPoints="1" visitedBranchPoints="1" sequenceCoverage="100" branchCoverage="100" maxCyclomaticComplexity="2" minCyclomaticComplexity="2" visitedClasses="0" numClasses="0" visitedMethods="1" numMethods="1" />
              <MetadataToken>100663301</MetadataToken>
              <Name>System.Void MSBuild.SCM.Tasks.BumpVersion.Test.BumpTest::PatchOption()</Name>
              <FileRef uid="1" />
              <SequencePoints>
                <SequencePoint vc="1" uspid="22" ordinal="0" offset="0" sl="51" sc="9" el="51" ec="10" bec="0" bev="0" fileid="1" />
                <SequencePoint vc="1" uspid="23" ordinal="1" offset="1" sl="52" sc="13" el="52" ec="50" bec="0" bev="0" fileid="1" />
                <SequencePoint vc="1" uspid="24" ordinal="2" offset="17" sl="53" sc="20" el="53" ec="67" bec="0" bev="0" fileid="1" />
                <SequencePoint vc="1" uspid="25" ordinal="3" offset="28" sl="54" sc="13" el="54" ec="14" bec="0" bev="0" fileid="1" />
                <SequencePoint vc="1" uspid="26" ordinal="4" offset="29" sl="55" sc="17" el="55" ec="49" bec="0" bev="0" fileid="1" />
                <SequencePoint vc="1" uspid="27" ordinal="5" offset="36" sl="56" sc="17" el="56" ec="63" bec="0" bev="0" fileid="1" />
                <SequencePoint vc="1" uspid="28" ordinal="6" offset="44" sl="57" sc="17" el="57" ec="59" bec="0" bev="0" fileid="1" />
                <SequencePoint vc="1" uspid="29" ordinal="7" offset="56" sl="58" sc="13" el="58" ec="14" bec="0" bev="0" fileid="1" />
                <SequencePoint vc="1" uspid="30" ordinal="8" offset="70" sl="59" sc="9" el="59" ec="10" bec="0" bev="0" fileid="1" />
              </SequencePoints>
              <BranchPoints />
              <MethodPoint xsi:type="SequencePoint" vc="1" uspid="22" ordinal="0" offset="0" sl="51" sc="9" el="51" ec="10" bec="0" bev="0" fileid="1" />
            </Method>
            <Method visited="false" cyclomaticComplexity="2" nPathComplexity="0" sequenceCoverage="0" branchCoverage="0" isConstructor="false" isStatic="false" isGetter="false" isSetter="false">
              <Summary numSequencePoints="10" visitedSequencePoints="0" numBranchPoints="1" visitedBranchPoints="0" sequenceCoverage="0" branchCoverage="0" maxCyclomaticComplexity="2" minCyclomaticComplexity="2" visitedClasses="0" numClasses="0" visitedMethods="0" numMethods="1" />
              <MetadataToken>100663302</MetadataToken>
              <Name>System.Void MSBuild.SCM.Tasks.BumpVersion.Test.BumpTest::PatchAgainOption()</Name>
              <FileRef uid="1" />
              <SequencePoints>
                <SequencePoint vc="0" uspid="31" ordinal="0" offset="0" sl="62" sc="9" el="62" ec="10" bec="0" bev="0" fileid="1" />
                <SequencePoint vc="0" uspid="32" ordinal="1" offset="1" sl="63" sc="13" el="63" ec="50" bec="0" bev="0" fileid="1" />
                <SequencePoint vc="0" uspid="33" ordinal="2" offset="17" sl="64" sc="13" el="64" ec="50" bec="0" bev="0" fileid="1" />
                <SequencePoint vc="0" uspid="34" ordinal="3" offset="33" sl="65" sc="20" el="65" ec="67" bec="0" bev="0" fileid="1" />
                <SequencePoint vc="0" uspid="35" ordinal="4" offset="44" sl="66" sc="13" el="66" ec="14" bec="0" bev="0" fileid="1" />
                <SequencePoint vc="0" uspid="36" ordinal="5" offset="45" sl="67" sc="17" el="67" ec="49" bec="0" bev="0" fileid="1" />
                <SequencePoint vc="0" uspid="37" ordinal="6" offset="52" sl="68" sc="17" el="68" ec="63" bec="0" bev="0" fileid="1" />
                <SequencePoint vc="0" uspid="38" ordinal="7" offset="60" sl="69" sc="17" el="69" ec="59" bec="0" bev="0" fileid="1" />
                <SequencePoint vc="0" uspid="39" ordinal="8" offset="72" sl="70" sc="13" el="70" ec="14" bec="0" bev="0" fileid="1" />
                <SequencePoint vc="0" uspid="40" ordinal="9" offset="86" sl="71" sc="9" el="71" ec="10" bec="0" bev="0" fileid="1" />
              </SequencePoints>
              <BranchPoints />
              <MethodPoint xsi:type="SequencePoint" vc="0" uspid="31" ordinal="0" offset="0" sl="62" sc="9" el="62" ec="10" bec="0" bev="0" fileid="1" />
            </Method>
            <Method visited="true" cyclomaticComplexity="2" nPathComplexity="0" sequenceCoverage="100" branchCoverage="100" isConstructor="false" isStatic="false" isGetter="false" isSetter="false">
              <Summary numSequencePoints="9" visitedSequencePoints="9" numBranchPoints="1" visitedBranchPoints="1" sequenceCoverage="100" branchCoverage="100" maxCyclomaticComplexity="2" minCyclomaticComplexity="2" visitedClasses="0" numClasses="0" visitedMethods="1" numMethods="1" />
              <MetadataToken>100663303</MetadataToken>
              <Name>System.Void MSBuild.SCM.Tasks.BumpVersion.Test.BumpTest::MinorOption()</Name>
              <FileRef uid="1" />
              <SequencePoints>
                <SequencePoint vc="1" uspid="41" ordinal="0" offset="0" sl="75" sc="9" el="75" ec="10" bec="0" bev="0" fileid="1" />
                <SequencePoint vc="1" uspid="42" ordinal="1" offset="1" sl="76" sc="13" el="76" ec="50" bec="0" bev="0" fileid="1" />
                <SequencePoint vc="1" uspid="43" ordinal="2" offset="17" sl="77" sc="20" el="77" ec="67" bec="0" bev="0" fileid="1" />
                <SequencePoint vc="1" uspid="44" ordinal="3" offset="28" sl="78" sc="13" el="78" ec="14" bec="0" bev="0" fileid="1" />
                <SequencePoint vc="1" uspid="45" ordinal="4" offset="29" sl="79" sc="17" el="79" ec="49" bec="0" bev="0" fileid="1" />
                <SequencePoint vc="1" uspid="46" ordinal="5" offset="36" sl="80" sc="17" el="80" ec="63" bec="0" bev="0" fileid="1" />
                <SequencePoint vc="1" uspid="47" ordinal="6" offset="44" sl="81" sc="17" el="81" ec="59" bec="0" bev="0" fileid="1" />
                <SequencePoint vc="1" uspid="48" ordinal="7" offset="56" sl="82" sc="13" el="82" ec="14" bec="0" bev="0" fileid="1" />
                <SequencePoint vc="1" uspid="49" ordinal="8" offset="70" sl="83" sc="9" el="83" ec="10" bec="0" bev="0" fileid="1" />
              </SequencePoints>
              <BranchPoints />
              <MethodPoint xsi:type="SequencePoint" vc="1" uspid="41" ordinal="0" offset="0" sl="75" sc="9" el="75" ec="10" bec="0" bev="0" fileid="1" />
            </Method>
            <Method visited="true" cyclomaticComplexity="2" nPathComplexity="0" sequenceCoverage="100" branchCoverage="100" isConstructor="false" isStatic="false" isGetter="false" isSetter="false">
              <Summary numSequencePoints="10" visitedSequencePoints="10" numBranchPoints="1" visitedBranchPoints="1" sequenceCoverage="100" branchCoverage="100" maxCyclomaticComplexity="2" minCyclomaticComplexity="2" visitedClasses="0" numClasses="0" visitedMethods="1" numMethods="1" />
              <MetadataToken>100663304</MetadataToken>
              <Name>System.Void MSBuild.SCM.Tasks.BumpVersion.Test.BumpTest::PatchAfterMinor()</Name>
              <FileRef uid="1" />
              <SequencePoints>
                <SequencePoint vc="1" uspid="50" ordinal="0" offset="0" sl="87" sc="9" el="87" ec="10" bec="0" bev="0" fileid="1" />
                <SequencePoint vc="1" uspid="51" ordinal="1" offset="1" sl="88" sc="13" el="88" ec="50" bec="0" bev="0" fileid="1" />
                <SequencePoint vc="1" uspid="52" ordinal="2" offset="17" sl="89" sc="13" el="89" ec="50" bec="0" bev="0" fileid="1" />
                <SequencePoint vc="1" uspid="53" ordinal="3" offset="33" sl="90" sc="20" el="90" ec="67" bec="0" bev="0" fileid="1" />
                <SequencePoint vc="1" uspid="54" ordinal="4" offset="44" sl="91" sc="13" el="91" ec="14" bec="0" bev="0" fileid="1" />
                <SequencePoint vc="1" uspid="55" ordinal="5" offset="45" sl="92" sc="17" el="92" ec="49" bec="0" bev="0" fileid="1" />
                <SequencePoint vc="1" uspid="56" ordinal="6" offset="52" sl="93" sc="17" el="93" ec="63" bec="0" bev="0" fileid="1" />
                <SequencePoint vc="1" uspid="57" ordinal="7" offset="60" sl="94" sc="17" el="94" ec="59" bec="0" bev="0" fileid="1" />
                <SequencePoint vc="1" uspid="58" ordinal="8" offset="72" sl="95" sc="13" el="95" ec="14" bec="0" bev="0" fileid="1" />
                <SequencePoint vc="1" uspid="59" ordinal="9" offset="86" sl="96" sc="9" el="96" ec="10" bec="0" bev="0" fileid="1" />
              </SequencePoints>
              <BranchPoints />
              <MethodPoint xsi:type="SequencePoint" vc="1" uspid="50" ordinal="0" offset="0" sl="87" sc="9" el="87" ec="10" bec="0" bev="0" fileid="1" />
            </Method>
            <Method visited="true" cyclomaticComplexity="2" nPathComplexity="0" sequenceCoverage="100" branchCoverage="100" isConstructor="false" isStatic="false" isGetter="false" isSetter="false">
              <Summary numSequencePoints="9" visitedSequencePoints="9" numBranchPoints="1" visitedBranchPoints="1" sequenceCoverage="100" branchCoverage="100" maxCyclomaticComplexity="2" minCyclomaticComplexity="2" visitedClasses="0" numClasses="0" visitedMethods="1" numMethods="1" />
              <MetadataToken>100663305</MetadataToken>
              <Name>System.Void MSBuild.SCM.Tasks.BumpVersion.Test.BumpTest::MajorOption()</Name>
              <FileRef uid="1" />
              <SequencePoints>
                <SequencePoint vc="1" uspid="60" ordinal="0" offset="0" sl="100" sc="9" el="100" ec="10" bec="0" bev="0" fileid="1" />
                <SequencePoint vc="1" uspid="61" ordinal="1" offset="1" sl="101" sc="13" el="101" ec="50" bec="0" bev="0" fileid="1" />
                <SequencePoint vc="1" uspid="62" ordinal="2" offset="17" sl="102" sc="20" el="102" ec="67" bec="0" bev="0" fileid="1" />
                <SequencePoint vc="1" uspid="63" ordinal="3" offset="28" sl="103" sc="13" el="103" ec="14" bec="0" bev="0" fileid="1" />
                <SequencePoint vc="1" uspid="64" ordinal="4" offset="29" sl="104" sc="17" el="104" ec="49" bec="0" bev="0" fileid="1" />
                <SequencePoint vc="1" uspid="65" ordinal="5" offset="36" sl="105" sc="17" el="105" ec="63" bec="0" bev="0" fileid="1" />
                <SequencePoint vc="1" uspid="66" ordinal="6" offset="44" sl="106" sc="17" el="106" ec="59" bec="0" bev="0" fileid="1" />
                <SequencePoint vc="1" uspid="67" ordinal="7" offset="56" sl="107" sc="13" el="107" ec="14" bec="0" bev="0" fileid="1" />
                <SequencePoint vc="1" uspid="68" ordinal="8" offset="70" sl="108" sc="9" el="108" ec="10" bec="0" bev="0" fileid="1" />
              </SequencePoints>
              <BranchPoints />
              <MethodPoint xsi:type="SequencePoint" vc="1" uspid="60" ordinal="0" offset="0" sl="100" sc="9" el="100" ec="10" bec="0" bev="0" fileid="1" />
            </Method>
            <Method visited="true" cyclomaticComplexity="2" nPathComplexity="0" sequenceCoverage="100" branchCoverage="100" isConstructor="false" isStatic="false" isGetter="false" isSetter="false">
              <Summary numSequencePoints="10" visitedSequencePoints="10" numBranchPoints="1" visitedBranchPoints="1" sequenceCoverage="100" branchCoverage="100" maxCyclomaticComplexity="2" minCyclomaticComplexity="2" visitedClasses="0" numClasses="0" visitedMethods="1" numMethods="1" />
              <MetadataToken>100663306</MetadataToken>
              <Name>System.Void MSBuild.SCM.Tasks.BumpVersion.Test.BumpTest::MinorAfterMajor()</Name>
              <FileRef uid="1" />
              <SequencePoints>
                <SequencePoint vc="1" uspid="69" ordinal="0" offset="0" sl="112" sc="9" el="112" ec="10" bec="0" bev="0" fileid="1" />
                <SequencePoint vc="1" uspid="70" ordinal="1" offset="1" sl="113" sc="13" el="113" ec="50" bec="0" bev="0" fileid="1" />
                <SequencePoint vc="1" uspid="71" ordinal="2" offset="17" sl="114" sc="13" el="114" ec="50" bec="0" bev="0" fileid="1" />
                <SequencePoint vc="1" uspid="72" ordinal="3" offset="33" sl="115" sc="20" el="115" ec="67" bec="0" bev="0" fileid="1" />
                <SequencePoint vc="1" uspid="73" ordinal="4" offset="44" sl="116" sc="13" el="116" ec="14" bec="0" bev="0" fileid="1" />
                <SequencePoint vc="1" uspid="74" ordinal="5" offset="45" sl="117" sc="17" el="117" ec="49" bec="0" bev="0" fileid="1" />
                <SequencePoint vc="1" uspid="75" ordinal="6" offset="52" sl="118" sc="17" el="118" ec="63" bec="0" bev="0" fileid="1" />
                <SequencePoint vc="1" uspid="76" ordinal="7" offset="60" sl="119" sc="17" el="119" ec="59" bec="0" bev="0" fileid="1" />
                <SequencePoint vc="1" uspid="77" ordinal="8" offset="72" sl="120" sc="13" el="120" ec="14" bec="0" bev="0" fileid="1" />
                <SequencePoint vc="1" uspid="78" ordinal="9" offset="86" sl="121" sc="9" el="121" ec="10" bec="0" bev="0" fileid="1" />
              </SequencePoints>
              <BranchPoints />
              <MethodPoint xsi:type="SequencePoint" vc="1" uspid="69" ordinal="0" offset="0" sl="112" sc="9" el="112" ec="10" bec="0" bev="0" fileid="1" />
            </Method>
            <Method visited="true" cyclomaticComplexity="2" nPathComplexity="0" sequenceCoverage="100" branchCoverage="100" isConstructor="false" isStatic="false" isGetter="false" isSetter="false">
              <Summary numSequencePoints="11" visitedSequencePoints="11" numBranchPoints="1" visitedBranchPoints="1" sequenceCoverage="100" branchCoverage="100" maxCyclomaticComplexity="2" minCyclomaticComplexity="2" visitedClasses="0" numClasses="0" visitedMethods="1" numMethods="1" />
              <MetadataToken>100663307</MetadataToken>
              <Name>System.Void MSBuild.SCM.Tasks.BumpVersion.Test.BumpTest::PatchAfterMinor2()</Name>
              <FileRef uid="1" />
              <SequencePoints>
                <SequencePoint vc="1" uspid="79" ordinal="0" offset="0" sl="125" sc="9" el="125" ec="10" bec="0" bev="0" fileid="1" />
                <SequencePoint vc="1" uspid="80" ordinal="1" offset="1" sl="126" sc="13" el="126" ec="50" bec="0" bev="0" fileid="1" />
                <SequencePoint vc="1" uspid="81" ordinal="2" offset="17" sl="127" sc="13" el="127" ec="50" bec="0" bev="0" fileid="1" />
                <SequencePoint vc="1" uspid="82" ordinal="3" offset="33" sl="128" sc="13" el="128" ec="50" bec="0" bev="0" fileid="1" />
                <SequencePoint vc="1" uspid="83" ordinal="4" offset="49" sl="129" sc="20" el="129" ec="67" bec="0" bev="0" fileid="1" />
                <SequencePoint vc="1" uspid="84" ordinal="5" offset="60" sl="130" sc="13" el="130" ec="14" bec="0" bev="0" fileid="1" />
                <SequencePoint vc="1" uspid="85" ordinal="6" offset="61" sl="131" sc="17" el="131" ec="49" bec="0" bev="0" fileid="1" />
                <SequencePoint vc="1" uspid="86" ordinal="7" offset="68" sl="132" sc="17" el="132" ec="63" bec="0" bev="0" fileid="1" />
                <SequencePoint vc="1" uspid="87" ordinal="8" offset="76" sl="133" sc="17" el="133" ec="59" bec="0" bev="0" fileid="1" />
                <SequencePoint vc="1" uspid="88" ordinal="9" offset="88" sl="134" sc="13" el="134" ec="14" bec="0" bev="0" fileid="1" />
                <SequencePoint vc="1" uspid="89" ordinal="10" offset="102" sl="135" sc="9" el="135" ec="10" bec="0" bev="0" fileid="1" />
              </SequencePoints>
              <BranchPoints />
              <MethodPoint xsi:type="SequencePoint" vc="1" uspid="79" ordinal="0" offset="0" sl="125" sc="9" el="125" ec="10" bec="0" bev="0" fileid="1" />
            </Method>
            <Method visited="true" cyclomaticComplexity="2" nPathComplexity="0" sequenceCoverage="100" branchCoverage="100" isConstructor="false" isStatic="false" isGetter="false" isSetter="false">
              <Summary numSequencePoints="12" visitedSequencePoints="12" numBranchPoints="1" visitedBranchPoints="1" sequenceCoverage="100" branchCoverage="100" maxCyclomaticComplexity="2" minCyclomaticComplexity="2" visitedClasses="0" numClasses="0" visitedMethods="1" numMethods="1" />
              <MetadataToken>100663308</MetadataToken>
              <Name>System.Void MSBuild.SCM.Tasks.BumpVersion.Test.BumpTest::PatchAfterMinorAgain()</Name>
              <FileRef uid="1" />
              <SequencePoints>
                <SequencePoint vc="1" uspid="90" ordinal="0" offset="0" sl="139" sc="9" el="139" ec="10" bec="0" bev="0" fileid="1" />
                <SequencePoint vc="1" uspid="91" ordinal="1" offset="1" sl="140" sc="13" el="140" ec="50" bec="0" bev="0" fileid="1" />
                <SequencePoint vc="1" uspid="92" ordinal="2" offset="17" sl="141" sc="13" el="141" ec="50" bec="0" bev="0" fileid="1" />
                <SequencePoint vc="1" uspid="93" ordinal="3" offset="33" sl="142" sc="13" el="142" ec="50" bec="0" bev="0" fileid="1" />
                <SequencePoint vc="1" uspid="94" ordinal="4" offset="49" sl="143" sc="13" el="143" ec="50" bec="0" bev="0" fileid="1" />
                <SequencePoint vc="1" uspid="95" ordinal="5" offset="65" sl="144" sc="20" el="144" ec="67" bec="0" bev="0" fileid="1" />
                <SequencePoint vc="1" uspid="96" ordinal="6" offset="76" sl="145" sc="13" el="145" ec="14" bec="0" bev="0" fileid="1" />
                <SequencePoint vc="1" uspid="97" ordinal="7" offset="77" sl="146" sc="17" el="146" ec="49" bec="0" bev="0" fileid="1" />
                <SequencePoint vc="1" uspid="98" ordinal="8" offset="84" sl="147" sc="17" el="147" ec="63" bec="0" bev="0" fileid="1" />
                <SequencePoint vc="1" uspid="99" ordinal="9" offset="92" sl="148" sc="17" el="148" ec="59" bec="0" bev="0" fileid="1" />
                <SequencePoint vc="1" uspid="100" ordinal="10" offset="104" sl="149" sc="13" el="149" ec="14" bec="0" bev="0" fileid="1" />
                <SequencePoint vc="1" uspid="101" ordinal="11" offset="118" sl="150" sc="9" el="150" ec="10" bec="0" bev="0" fileid="1" />
              </SequencePoints>
              <BranchPoints />
              <MethodPoint xsi:type="SequencePoint" vc="1" uspid="90" ordinal="0" offset="0" sl="139" sc="9" el="139" ec="10" bec="0" bev="0" fileid="1" />
            </Method>
            <Method visited="true" cyclomaticComplexity="2" nPathComplexity="0" sequenceCoverage="100" branchCoverage="100" isConstructor="false" isStatic="false" isGetter="false" isSetter="false">
              <Summary numSequencePoints="13" visitedSequencePoints="13" numBranchPoints="1" visitedBranchPoints="1" sequenceCoverage="100" branchCoverage="100" maxCyclomaticComplexity="2" minCyclomaticComplexity="2" visitedClasses="0" numClasses="0" visitedMethods="1" numMethods="1" />
              <MetadataToken>100663309</MetadataToken>
              <Name>System.Void MSBuild.SCM.Tasks.BumpVersion.Test.BumpTest::MinorAfterPatch()</Name>
              <FileRef uid="1" />
              <SequencePoints>
                <SequencePoint vc="1" uspid="102" ordinal="0" offset="0" sl="154" sc="9" el="154" ec="10" bec="0" bev="0" fileid="1" />
                <SequencePoint vc="1" uspid="103" ordinal="1" offset="1" sl="155" sc="13" el="155" ec="50" bec="0" bev="0" fileid="1" />
                <SequencePoint vc="1" uspid="104" ordinal="2" offset="17" sl="156" sc="13" el="156" ec="50" bec="0" bev="0" fileid="1" />
                <SequencePoint vc="1" uspid="105" ordinal="3" offset="33" sl="157" sc="13" el="157" ec="50" bec="0" bev="0" fileid="1" />
                <SequencePoint vc="1" uspid="106" ordinal="4" offset="49" sl="158" sc="13" el="158" ec="50" bec="0" bev="0" fileid="1" />
                <SequencePoint vc="1" uspid="107" ordinal="5" offset="65" sl="159" sc="13" el="159" ec="50" bec="0" bev="0" fileid="1" />
                <SequencePoint vc="1" uspid="108" ordinal="6" offset="81" sl="160" sc="20" el="160" ec="67" bec="0" bev="0" fileid="1" />
                <SequencePoint vc="1" uspid="109" ordinal="7" offset="92" sl="161" sc="13" el="161" ec="14" bec="0" bev="0" fileid="1" />
                <SequencePoint vc="1" uspid="110" ordinal="8" offset="93" sl="162" sc="17" el="162" ec="49" bec="0" bev="0" fileid="1" />
                <SequencePoint vc="1" uspid="111" ordinal="9" offset="100" sl="163" sc="17" el="163" ec="63" bec="0" bev="0" fileid="1" />
                <SequencePoint vc="1" uspid="112" ordinal="10" offset="108" sl="164" sc="17" el="164" ec="59" bec="0" bev="0" fileid="1" />
                <SequencePoint vc="1" uspid="113" ordinal="11" offset="120" sl="165" sc="13" el="165" ec="14" bec="0" bev="0" fileid="1" />
                <SequencePoint vc="1" uspid="114" ordinal="12" offset="134" sl="166" sc="9" el="166" ec="10" bec="0" bev="0" fileid="1" />
              </SequencePoints>
              <BranchPoints />
              <MethodPoint xsi:type="SequencePoint" vc="1" uspid="102" ordinal="0" offset="0" sl="154" sc="9" el="154" ec="10" bec="0" bev="0" fileid="1" />
            </Method>
            <Method visited="true" cyclomaticComplexity="2" nPathComplexity="0" sequenceCoverage="100" branchCoverage="100" isConstructor="false" isStatic="false" isGetter="false" isSetter="false">
              <Summary numSequencePoints="14" visitedSequencePoints="14" numBranchPoints="1" visitedBranchPoints="1" sequenceCoverage="100" branchCoverage="100" maxCyclomaticComplexity="2" minCyclomaticComplexity="2" visitedClasses="0" numClasses="0" visitedMethods="1" numMethods="1" />
              <MetadataToken>100663310</MetadataToken>
              <Name>System.Void MSBuild.SCM.Tasks.BumpVersion.Test.BumpTest::MajorTo2()</Name>
              <FileRef uid="1" />
              <SequencePoints>
                <SequencePoint vc="1" uspid="115" ordinal="0" offset="0" sl="170" sc="9" el="170" ec="10" bec="0" bev="0" fileid="1" />
                <SequencePoint vc="1" uspid="116" ordinal="1" offset="1" sl="171" sc="13" el="171" ec="50" bec="0" bev="0" fileid="1" />
                <SequencePoint vc="1" uspid="117" ordinal="2" offset="17" sl="172" sc="13" el="172" ec="50" bec="0" bev="0" fileid="1" />
                <SequencePoint vc="1" uspid="118" ordinal="3" offset="33" sl="173" sc="13" el="173" ec="50" bec="0" bev="0" fileid="1" />
                <SequencePoint vc="1" uspid="119" ordinal="4" offset="49" sl="174" sc="13" el="174" ec="50" bec="0" bev="0" fileid="1" />
                <SequencePoint vc="1" uspid="120" ordinal="5" offset="65" sl="175" sc="13" el="175" ec="50" bec="0" bev="0" fileid="1" />
                <SequencePoint vc="1" uspid="121" ordinal="6" offset="81" sl="176" sc="13" el="176" ec="50" bec="0" bev="0" fileid="1" />
                <SequencePoint vc="1" uspid="122" ordinal="7" offset="97" sl="177" sc="20" el="177" ec="67" bec="0" bev="0" fileid="1" />
                <SequencePoint vc="1" uspid="123" ordinal="8" offset="108" sl="178" sc="13" el="178" ec="14" bec="0" bev="0" fileid="1" />
                <SequencePoint vc="1" uspid="124" ordinal="9" offset="109" sl="179" sc="17" el="179" ec="49" bec="0" bev="0" fileid="1" />
                <SequencePoint vc="1" uspid="125" ordinal="10" offset="116" sl="180" sc="17" el="180" ec="63" bec="0" bev="0" fileid="1" />
                <SequencePoint vc="1" uspid="126" ordinal="11" offset="124" sl="181" sc="17" el="181" ec="59" bec="0" bev="0" fileid="1" />
                <SequencePoint vc="1" uspid="127" ordinal="12" offset="136" sl="182" sc="13" el="182" ec="14" bec="0" bev="0" fileid="1" />
                <SequencePoint vc="1" uspid="128" ordinal="13" offset="150" sl="183" sc="9" el="183" ec="10" bec="0" bev="0" fileid="1" />
              </SequencePoints>
              <BranchPoints />
              <MethodPoint xsi:type="SequencePoint" vc="1" uspid="115" ordinal="0" offset="0" sl="170" sc="9" el="170" ec="10" bec="0" bev="0" fileid="1" />
            </Method>
            <Method visited="true" cyclomaticComplexity="2" nPathComplexity="0" sequenceCoverage="100" branchCoverage="100" isConstructor="false" isStatic="false" isGetter="false" isSetter="false">
              <Summary numSequencePoints="15" visitedSequencePoints="15" numBranchPoints="1" visitedBranchPoints="1" sequenceCoverage="100" branchCoverage="100" maxCyclomaticComplexity="2" minCyclomaticComplexity="2" visitedClasses="0" numClasses="0" visitedMethods="1" numMethods="1" />
              <MetadataToken>100663311</MetadataToken>
              <Name>System.Void MSBuild.SCM.Tasks.BumpVersion.Test.BumpTest::MajorTo2Build1()</Name>
              <FileRef uid="1" />
              <SequencePoints>
                <SequencePoint vc="1" uspid="129" ordinal="0" offset="0" sl="187" sc="9" el="187" ec="10" bec="0" bev="0" fileid="1" />
                <SequencePoint vc="1" uspid="130" ordinal="1" offset="1" sl="188" sc="13" el="188" ec="50" bec="0" bev="0" fileid="1" />
                <SequencePoint vc="1" uspid="131" ordinal="2" offset="17" sl="189" sc="13" el="189" ec="50" bec="0" bev="0" fileid="1" />
                <SequencePoint vc="1" uspid="132" ordinal="3" offset="33" sl="190" sc="13" el="190" ec="50" bec="0" bev="0" fileid="1" />
                <SequencePoint vc="1" uspid="133" ordinal="4" offset="49" sl="191" sc="13" el="191" ec="50" bec="0" bev="0" fileid="1" />
                <SequencePoint vc="1" uspid="134" ordinal="5" offset="65" sl="192" sc="13" el="192" ec="50" bec="0" bev="0" fileid="1" />
                <SequencePoint vc="1" uspid="135" ordinal="6" offset="81" sl="193" sc="13" el="193" ec="50" bec="0" bev="0" fileid="1" />
                <SequencePoint vc="1" uspid="136" ordinal="7" offset="97" sl="194" sc="13" el="194" ec="50" bec="0" bev="0" fileid="1" />
                <SequencePoint vc="1" uspid="137" ordinal="8" offset="113" sl="195" sc="20" el="195" ec="67" bec="0" bev="0" fileid="1" />
                <SequencePoint vc="1" uspid="138" ordinal="9" offset="124" sl="196" sc="13" el="196" ec="14" bec="0" bev="0" fileid="1" />
                <SequencePoint vc="1" uspid="139" ordinal="10" offset="125" sl="197" sc="17" el="197" ec="49" bec="0" bev="0" fileid="1" />
                <SequencePoint vc="1" uspid="140" ordinal="11" offset="132" sl="198" sc="17" el="198" ec="63" bec="0" bev="0" fileid="1" />
                <SequencePoint vc="1" uspid="141" ordinal="12" offset="140" sl="199" sc="17" el="199" ec="59" bec="0" bev="0" fileid="1" />
                <SequencePoint vc="1" uspid="142" ordinal="13" offset="152" sl="200" sc="13" el="200" ec="14" bec="0" bev="0" fileid="1" />
                <SequencePoint vc="1" uspid="143" ordinal="14" offset="166" sl="201" sc="9" el="201" ec="10" bec="0" bev="0" fileid="1" />
              </SequencePoints>
              <BranchPoints />
              <MethodPoint xsi:type="SequencePoint" vc="1" uspid="129" ordinal="0" offset="0" sl="187" sc="9" el="187" ec="10" bec="0" bev="0" fileid="1" />
            </Method>
            <Method visited="true" cyclomaticComplexity="1" nPathComplexity="0" sequenceCoverage="100" branchCoverage="100" isConstructor="false" isStatic="false" isGetter="false" isSetter="false">
              <Summary numSequencePoints="6" visitedSequencePoints="6" numBranchPoints="1" visitedBranchPoints="1" sequenceCoverage="100" branchCoverage="100" maxCyclomaticComplexity="1" minCyclomaticComplexity="1" visitedClasses="0" numClasses="0" visitedMethods="1" numMethods="1" />
              <MetadataToken>100663312</MetadataToken>
              <Name>System.Void MSBuild.SCM.Tasks.BumpVersion.Test.BumpTest::TaskTest()</Name>
              <FileRef uid="1" />
              <SequencePoints>
                <SequencePoint vc="1" uspid="144" ordinal="0" offset="0" sl="205" sc="9" el="205" ec="10" bec="0" bev="0" fileid="1" />
                <SequencePoint vc="1" uspid="145" ordinal="1" offset="1" sl="206" sc="13" el="209" ec="15" bec="0" bev="0" fileid="1" />
                <SequencePoint vc="1" uspid="146" ordinal="2" offset="19" sl="210" sc="13" el="210" ec="52" bec="0" bev="0" fileid="1" />
                <SequencePoint vc="1" uspid="147" ordinal="3" offset="31" sl="212" sc="13" el="212" ec="39" bec="0" bev="0" fileid="1" />
                <SequencePoint vc="1" uspid="148" ordinal="4" offset="38" sl="214" sc="13" el="214" ec="55" bec="0" bev="0" fileid="1" />
                <SequencePoint vc="1" uspid="149" ordinal="5" offset="56" sl="215" sc="9" el="215" ec="10" bec="0" bev="0" fileid="1" />
              </SequencePoints>
              <BranchPoints />
              <MethodPoint xsi:type="SequencePoint" vc="1" uspid="144" ordinal="0" offset="0" sl="205" sc="9" el="205" ec="10" bec="0" bev="0" fileid="1" />
            </Method>
            <Method visited="true" cyclomaticComplexity="1" nPathComplexity="0" sequenceCoverage="0" branchCoverage="0" isConstructor="true" isStatic="false" isGetter="false" isSetter="false">
              <Summary numSequencePoints="0" visitedSequencePoints="0" numBranchPoints="0" visitedBranchPoints="0" sequenceCoverage="0" branchCoverage="0" maxCyclomaticComplexity="1" minCyclomaticComplexity="1" visitedClasses="0" numClasses="0" visitedMethods="0" numMethods="0" />
              <MetadataToken>100663313</MetadataToken>
              <Name>System.Void MSBuild.SCM.Tasks.BumpVersion.Test.BumpTest::.ctor()</Name>
              <SequencePoints />
              <BranchPoints />
              <MethodPoint vc="1" uspid="150" ordinal="0" offset="0" />
            </Method>
            <Method visited="true" cyclomaticComplexity="1" nPathComplexity="0" sequenceCoverage="100" branchCoverage="100" isConstructor="true" isStatic="true" isGetter="false" isSetter="false">
              <Summary numSequencePoints="1" visitedSequencePoints="1" numBranchPoints="1" visitedBranchPoints="1" sequenceCoverage="100" branchCoverage="100" maxCyclomaticComplexity="1" minCyclomaticComplexity="1" visitedClasses="0" numClasses="0" visitedMethods="1" numMethods="1" />
              <MetadataToken>100663314</MetadataToken>
              <Name>System.Void MSBuild.SCM.Tasks.BumpVersion.Test.BumpTest::.cctor()</Name>
              <FileRef uid="1" />
              <SequencePoints>
                <SequencePoint vc="1" uspid="151" ordinal="0" offset="0" sl="10" sc="9" el="10" ec="135" bec="0" bev="0" fileid="1" />
              </SequencePoints>
              <BranchPoints />
              <MethodPoint xsi:type="SequencePoint" vc="1" uspid="151" ordinal="0" offset="0" sl="10" sc="9" el="10" ec="135" bec="0" bev="0" fileid="1" />
            </Method>
          </Methods>
        </Class>
      </Classes>
    </Module>
    <Module skippedDueTo="Filter" hash="00-59-52-F7-F5-CD-AF-CB-91-80-2E-6C-08-2C-26-AC-3F-47-FE-65">
      <ModulePath>C:\workspace\msbuildscmtasks\MSBuild.SCM.Tasks.BumpVersion.Test\bin\Debug\nunit.framework.dll</ModulePath>
      <ModuleTime>2016-02-04T16:17:49.1767417Z</ModuleTime>
      <ModuleName>nunit.framework</ModuleName>
      <Classes />
    </Module>
    <Module skippedDueTo="Filter" hash="14-EE-03-D7-75-4C-A4-7D-7D-56-1B-38-DD-F3-EE-4C-FD-B8-7F-75">
      <ModulePath>C:\WINDOWS\Microsoft.Net\assembly\GAC_MSIL\System\v4.0_4.0.0.0__b77a5c561934e089\System.dll</ModulePath>
      <ModuleTime>2015-10-30T07:19:38.0807661Z</ModuleTime>
      <ModuleName>System</ModuleName>
      <Classes />
    </Module>
    <Module skippedDueTo="Filter" hash="1B-0C-C3-F2-9F-9D-FA-A0-48-C8-1D-B5-D5-A1-D4-7F-CB-CB-94-2F">
      <ModulePath>C:\WINDOWS\Microsoft.Net\assembly\GAC_64\System.Web\v4.0_4.0.0.0__b03f5f7f11d50a3a\System.Web.dll</ModulePath>
      <ModuleTime>2015-10-30T07:19:36.1276471Z</ModuleTime>
      <ModuleName>System.Web</ModuleName>
      <Classes />
    </Module>
    <Module skippedDueTo="Filter" hash="6D-E2-C1-DC-D0-43-62-D5-0D-26-7F-96-9C-67-32-F2-C7-1C-04-6F">
      <ModulePath>C:\WINDOWS\Microsoft.Net\assembly\GAC_MSIL\System.Core\v4.0_4.0.0.0__b77a5c561934e089\System.Core.dll</ModulePath>
      <ModuleTime>2015-10-30T07:19:34.0182785Z</ModuleTime>
      <ModuleName>System.Core</ModuleName>
      <Classes />
    </Module>
    <Module skippedDueTo="Filter" hash="EF-52-21-EB-4F-85-D8-B3-D7-89-84-B0-B6-75-FA-E6-AA-E1-AE-FC">
      <ModulePath>C:\WINDOWS\Microsoft.Net\assembly\GAC_MSIL\System.Xml\v4.0_4.0.0.0__b77a5c561934e089\System.Xml.dll</ModulePath>
      <ModuleTime>2015-10-30T07:19:38.0182662Z</ModuleTime>
      <ModuleName>System.Xml</ModuleName>
      <Classes />
    </Module>
    <Module hash="D5-F9-33-BC-29-F7-01-DD-43-E4-EC-A9-0E-5E-40-AE-75-55-76-93">
      <Summary numSequencePoints="78" visitedSequencePoints="73" numBranchPoints="24" visitedBranchPoints="19" sequenceCoverage="93.59" branchCoverage="79.17" maxCyclomaticComplexity="14" minCyclomaticComplexity="1" visitedClasses="2" numClasses="2" visitedMethods="5" numMethods="6" />
      <ModulePath>C:\workspace\msbuildscmtasks\MSBuild.SCM.Tasks.BumpVersion.Test\bin\Debug\MSBuild.SCM.Tasks.BumpVersion.dll</ModulePath>
      <ModuleTime>2016-02-12T19:03:41.5140581Z</ModuleTime>
      <ModuleName>MSBuild.SCM.Tasks.BumpVersion</ModuleName>
      <Files>
        <File uid="3" fullPath="C:\workspace\msbuildscmtasks\MSBuild.SCM.Tasks.BumpVersion\Bump.cs" />
        <File uid="4" fullPath="C:\workspace\msbuildscmtasks\MSBuild.SCM.Tasks.BumpVersion\BumpVersion.cs" />
      </Files>
      <Classes>
        <Class>
          <Summary numSequencePoints="0" visitedSequencePoints="0" numBranchPoints="0" visitedBranchPoints="0" sequenceCoverage="0" branchCoverage="0" maxCyclomaticComplexity="0" minCyclomaticComplexity="0" visitedClasses="0" numClasses="0" visitedMethods="0" numMethods="0" />
          <FullName>&lt;Module&gt;</FullName>
          <Methods />
        </Class>
        <Class>
          <Summary numSequencePoints="70" visitedSequencePoints="66" numBranchPoints="19" visitedBranchPoints="15" sequenceCoverage="94.29" branchCoverage="78.95" maxCyclomaticComplexity="14" minCyclomaticComplexity="1" visitedClasses="1" numClasses="1" visitedMethods="1" numMethods="1" />
          <FullName>MSBuild.SCM.Tasks.BumpVersion.Bump</FullName>
          <Methods>
            <Method visited="true" cyclomaticComplexity="14" nPathComplexity="512" sequenceCoverage="94.29" branchCoverage="78.95" isConstructor="false" isStatic="true" isGetter="false" isSetter="false">
              <Summary numSequencePoints="70" visitedSequencePoints="66" numBranchPoints="19" visitedBranchPoints="15" sequenceCoverage="94.29" branchCoverage="78.95" maxCyclomaticComplexity="14" minCyclomaticComplexity="14" visitedClasses="0" numClasses="0" visitedMethods="1" numMethods="1" />
              <MetadataToken>100663297</MetadataToken>
              <Name>System.String MSBuild.SCM.Tasks.BumpVersion.Bump::Calc(System.String,System.String)</Name>
              <FileRef uid="3" />
              <SequencePoints>
                <SequencePoint vc="34" uspid="152" ordinal="0" offset="0" sl="14" sc="9" el="14" ec="10" bec="0" bev="0" fileid="3" />
                <SequencePoint vc="34" uspid="153" ordinal="1" offset="1" sl="15" sc="13" el="15" ec="38" bec="0" bev="0" fileid="3" />
                <SequencePoint vc="34" uspid="154" ordinal="2" offset="3" sl="16" sc="13" el="16" ec="66" bec="0" bev="0" fileid="3" />
                <SequencePoint vc="34" uspid="155" ordinal="3" offset="15" sl="17" sc="20" el="17" ec="67" bec="0" bev="0" fileid="3" />
                <SequencePoint vc="34" uspid="156" ordinal="4" offset="22" sl="18" sc="13" el="18" ec="14" bec="0" bev="0" fileid="3" />
                <SequencePoint vc="34" uspid="157" ordinal="5" offset="23" sl="19" sc="24" el="19" ec="71" bec="0" bev="0" fileid="3" />
                <SequencePoint vc="34" uspid="158" ordinal="6" offset="30" sl="20" sc="17" el="20" ec="18" bec="0" bev="0" fileid="3" />
                <SequencePoint vc="34" uspid="159" ordinal="7" offset="36" sl="23" sc="21" el="23" ec="22" bec="0" bev="0" fileid="3" />
                <SequencePoint vc="34" uspid="160" ordinal="8" offset="37" sl="24" sc="25" el="24" ec="75" bec="2" bev="1" fileid="3" />
                <SequencePoint vc="34" uspid="161" ordinal="9" offset="58" sl="25" sc="25" el="25" ec="26" bec="0" bev="0" fileid="3" />
                <SequencePoint vc="34" uspid="162" ordinal="10" offset="59" sl="26" sc="29" el="26" ec="87" bec="0" bev="0" fileid="3" />
                <SequencePoint vc="34" uspid="163" ordinal="11" offset="68" sl="28" sc="29" el="28" ec="82" bec="0" bev="0" fileid="3" />
                <SequencePoint vc="34" uspid="164" ordinal="12" offset="82" sl="29" sc="29" el="29" ec="43" bec="0" bev="0" fileid="3" />
                <SequencePoint vc="34" uspid="165" ordinal="13" offset="85" sl="30" sc="29" el="30" ec="43" bec="0" bev="0" fileid="3" />
                <SequencePoint vc="34" uspid="166" ordinal="14" offset="88" sl="31" sc="29" el="31" ec="43" bec="0" bev="0" fileid="3" />
                <SequencePoint vc="34" uspid="167" ordinal="15" offset="91" sl="32" sc="29" el="32" ec="43" bec="0" bev="0" fileid="3" />
                <SequencePoint vc="34" uspid="168" ordinal="16" offset="94" sl="33" sc="29" el="33" ec="76" bec="2" bev="1" fileid="3" />
                <SequencePoint vc="34" uspid="169" ordinal="17" offset="120" sl="34" sc="29" el="34" ec="30" bec="0" bev="0" fileid="3" />
                <SequencePoint vc="34" uspid="170" ordinal="18" offset="121" sl="35" sc="33" el="35" ec="69" bec="0" bev="0" fileid="3" />
                <SequencePoint vc="34" uspid="171" ordinal="19" offset="132" sl="36" sc="33" el="36" ec="69" bec="0" bev="0" fileid="3" />
                <SequencePoint vc="34" uspid="172" ordinal="20" offset="143" sl="37" sc="33" el="37" ec="69" bec="0" bev="0" fileid="3" />
                <SequencePoint vc="34" uspid="173" ordinal="21" offset="154" sl="39" sc="33" el="39" ec="56" bec="2" bev="1" fileid="3" />
                <SequencePoint vc="34" uspid="174" ordinal="22" offset="167" sl="40" sc="33" el="40" ec="34" bec="0" bev="0" fileid="3" />
                <SequencePoint vc="34" uspid="175" ordinal="23" offset="168" sl="41" sc="37" el="41" ec="73" bec="0" bev="0" fileid="3" />
                <SequencePoint vc="34" uspid="176" ordinal="24" offset="179" sl="42" sc="33" el="42" ec="34" bec="0" bev="0" fileid="3" />
                <SequencePoint vc="34" uspid="177" ordinal="25" offset="180" sl="43" sc="29" el="43" ec="30" bec="0" bev="0" fileid="3" />
                <SequencePoint vc="0" uspid="178" ordinal="26" offset="183" sl="45" sc="29" el="45" ec="30" bec="0" bev="0" fileid="3" />
                <SequencePoint vc="0" uspid="179" ordinal="27" offset="184" sl="46" sc="33" el="46" ec="96" bec="0" bev="0" fileid="3" />
                <SequencePoint vc="34" uspid="180" ordinal="28" offset="195" sl="49" sc="29" el="49" ec="74" bec="2" bev="2" fileid="3" />
                <SequencePoint vc="34" uspid="181" ordinal="29" offset="208" sl="50" sc="29" el="50" ec="55" bec="0" bev="0" fileid="3" />
                <SequencePoint vc="34" uspid="182" ordinal="30" offset="216" sl="51" sc="29" el="51" ec="56" bec="2" bev="2" fileid="3" />
                <SequencePoint vc="2" uspid="183" ordinal="31" offset="233" sl="52" sc="29" el="52" ec="30" bec="0" bev="0" fileid="3" />
                <SequencePoint vc="2" uspid="184" ordinal="32" offset="234" sl="53" sc="33" el="53" ec="41" bec="0" bev="0" fileid="3" />
                <SequencePoint vc="2" uspid="185" ordinal="33" offset="240" sl="54" sc="29" el="54" ec="30" bec="0" bev="0" fileid="3" />
                <SequencePoint vc="32" uspid="186" ordinal="34" offset="243" sl="55" sc="34" el="55" ec="61" bec="2" bev="2" fileid="3" />
                <SequencePoint vc="12" uspid="187" ordinal="35" offset="260" sl="56" sc="29" el="56" ec="30" bec="0" bev="0" fileid="3" />
                <SequencePoint vc="12" uspid="188" ordinal="36" offset="261" sl="57" sc="33" el="57" ec="43" bec="0" bev="0" fileid="3" />
                <SequencePoint vc="12" uspid="189" ordinal="37" offset="264" sl="58" sc="33" el="58" ec="41" bec="0" bev="0" fileid="3" />
                <SequencePoint vc="12" uspid="190" ordinal="38" offset="270" sl="59" sc="29" el="59" ec="30" bec="0" bev="0" fileid="3" />
                <SequencePoint vc="20" uspid="191" ordinal="39" offset="273" sl="60" sc="34" el="60" ec="61" bec="2" bev="2" fileid="3" />
                <SequencePoint vc="11" uspid="192" ordinal="40" offset="290" sl="61" sc="29" el="61" ec="30" bec="0" bev="0" fileid="3" />
                <SequencePoint vc="11" uspid="193" ordinal="41" offset="291" sl="62" sc="33" el="62" ec="43" bec="0" bev="0" fileid="3" />
                <SequencePoint vc="11" uspid="194" ordinal="42" offset="294" sl="63" sc="33" el="63" ec="43" bec="0" bev="0" fileid="3" />
                <SequencePoint vc="11" uspid="195" ordinal="43" offset="297" sl="64" sc="33" el="64" ec="41" bec="0" bev="0" fileid="3" />
                <SequencePoint vc="11" uspid="196" ordinal="44" offset="303" sl="65" sc="29" el="65" ec="30" bec="0" bev="0" fileid="3" />
                <SequencePoint vc="9" uspid="197" ordinal="45" offset="306" sl="66" sc="34" el="66" ec="61" bec="2" bev="1" fileid="3" />
                <SequencePoint vc="9" uspid="198" ordinal="46" offset="323" sl="67" sc="29" el="67" ec="30" bec="0" bev="0" fileid="3" />
                <SequencePoint vc="9" uspid="199" ordinal="47" offset="324" sl="68" sc="33" el="68" ec="43" bec="0" bev="0" fileid="3" />
                <SequencePoint vc="9" uspid="200" ordinal="48" offset="327" sl="69" sc="33" el="69" ec="43" bec="0" bev="0" fileid="3" />
                <SequencePoint vc="9" uspid="201" ordinal="49" offset="330" sl="70" sc="33" el="70" ec="43" bec="0" bev="0" fileid="3" />
                <SequencePoint vc="9" uspid="202" ordinal="50" offset="333" sl="71" sc="33" el="71" ec="41" bec="0" bev="0" fileid="3" />
                <SequencePoint vc="9" uspid="203" ordinal="51" offset="339" sl="72" sc="29" el="72" ec="30" bec="0" bev="0" fileid="3" />
                <SequencePoint vc="0" uspid="204" ordinal="52" offset="342" sl="74" sc="29" el="74" ec="30" bec="0" bev="0" fileid="3" />
                <SequencePoint vc="0" uspid="205" ordinal="53" offset="343" sl="75" sc="33" el="75" ec="93" bec="0" bev="0" fileid="3" />
                <SequencePoint vc="34" uspid="206" ordinal="54" offset="360" sl="78" sc="29" el="78" ec="90" bec="0" bev="0" fileid="3" />
                <SequencePoint vc="34" uspid="207" ordinal="55" offset="436" sl="80" sc="29" el="80" ec="76" bec="0" bev="0" fileid="3" />
                <SequencePoint vc="34" uspid="208" ordinal="56" offset="448" sl="81" sc="25" el="81" ec="26" bec="0" bev="0" fileid="3" />
                <SequencePoint vc="34" uspid="209" ordinal="57" offset="449" sl="83" sc="25" el="83" ec="48" bec="0" bev="0" fileid="3" />
                <SequencePoint vc="34" uspid="210" ordinal="58" offset="458" sl="85" sc="21" el="85" ec="22" bec="0" bev="0" fileid="3" />
                <SequencePoint vc="68" uspid="211" ordinal="59" offset="459" sl="22" sc="21" el="22" ec="63" bec="2" bev="2" fileid="3" />
                <SequencePoint vc="34" uspid="212" ordinal="60" offset="480" sl="87" sc="21" el="87" ec="36" bec="0" bev="0" fileid="3" />
                <SequencePoint vc="34" uspid="213" ordinal="61" offset="487" sl="88" sc="21" el="88" ec="36" bec="0" bev="0" fileid="3" />
                <SequencePoint vc="34" uspid="214" ordinal="62" offset="494" sl="89" sc="17" el="89" ec="18" bec="0" bev="0" fileid="3" />
                <SequencePoint vc="34" uspid="215" ordinal="63" offset="508" sl="90" sc="17" el="90" ec="32" bec="0" bev="0" fileid="3" />
                <SequencePoint vc="34" uspid="216" ordinal="64" offset="515" sl="93" sc="17" el="93" ec="47" bec="0" bev="0" fileid="3" />
                <SequencePoint vc="34" uspid="217" ordinal="65" offset="522" sl="94" sc="17" el="94" ec="69" bec="0" bev="0" fileid="3" />
                <SequencePoint vc="34" uspid="218" ordinal="66" offset="531" sl="95" sc="17" el="95" ec="47" bec="0" bev="0" fileid="3" />
                <SequencePoint vc="34" uspid="219" ordinal="67" offset="538" sl="96" sc="13" el="96" ec="14" bec="0" bev="0" fileid="3" />
                <SequencePoint vc="34" uspid="220" ordinal="68" offset="552" sl="98" sc="13" el="98" ec="31" bec="0" bev="0" fileid="3" />
                <SequencePoint vc="34" uspid="221" ordinal="69" offset="557" sl="99" sc="9" el="99" ec="10" bec="0" bev="0" fileid="3" />
              </SequencePoints>
              <BranchPoints>
                <BranchPoint vc="34" uspid="222" ordinal="0" offset="53" sl="24" path="0" offsetend="58" fileid="3" />
                <BranchPoint vc="0" uspid="223" ordinal="1" offset="53" sl="24" path="1" offsetend="449" fileid="3" />
                <BranchPoint vc="34" uspid="226" ordinal="4" offset="118" sl="33" path="0" offsetend="120" fileid="3" />
                <BranchPoint vc="0" uspid="227" ordinal="5" offset="118" sl="33" path="1" offsetend="183" fileid="3" />
                <BranchPoint vc="34" uspid="228" ordinal="6" offset="165" sl="39" path="0" offsetend="167" fileid="3" />
                <BranchPoint vc="0" uspid="229" ordinal="7" offset="165" sl="39" path="1" offsetend="180" fileid="3" />
                <BranchPoint vc="33" uspid="230" ordinal="8" offset="196" sl="49" path="0" offsetend="198" fileid="3" />
                <BranchPoint vc="1" uspid="231" ordinal="9" offset="196" sl="49" path="1" offsetend="201" fileid="3" />
                <BranchPoint vc="2" uspid="232" ordinal="10" offset="231" sl="51" path="0" offsetend="233" fileid="3" />
                <BranchPoint vc="32" uspid="233" ordinal="11" offset="231" sl="51" path="1" offsetend="243" fileid="3" />
                <BranchPoint vc="12" uspid="234" ordinal="12" offset="258" sl="55" path="0" offsetend="260" fileid="3" />
                <BranchPoint vc="20" uspid="235" ordinal="13" offset="258" sl="55" path="1" offsetend="273" fileid="3" />
                <BranchPoint vc="11" uspid="236" ordinal="14" offset="288" sl="60" path="0" offsetend="290" fileid="3" />
                <BranchPoint vc="9" uspid="237" ordinal="15" offset="288" sl="60" path="1" offsetend="306" fileid="3" />
                <BranchPoint vc="9" uspid="238" ordinal="16" offset="321" sl="66" path="0" offsetend="323" fileid="3" />
                <BranchPoint vc="0" uspid="239" ordinal="17" offset="321" sl="66" path="1" offsetend="342" fileid="3" />
                <BranchPoint vc="34" uspid="240" ordinal="18" offset="475" sl="22" path="0" offsetend="480" fileid="3" />
                <BranchPoint vc="34" uspid="241" ordinal="19" offset="475" sl="22" path="1" offsetend="36" fileid="3" />
              </BranchPoints>
              <MethodPoint xsi:type="SequencePoint" vc="34" uspid="152" ordinal="0" offset="0" sl="14" sc="9" el="14" ec="10" bec="0" bev="0" fileid="3" />
            </Method>
            <Method visited="false" cyclomaticComplexity="1" nPathComplexity="0" sequenceCoverage="0" branchCoverage="0" isConstructor="true" isStatic="false" isGetter="false" isSetter="false">
              <Summary numSequencePoints="0" visitedSequencePoints="0" numBranchPoints="0" visitedBranchPoints="0" sequenceCoverage="0" branchCoverage="0" maxCyclomaticComplexity="1" minCyclomaticComplexity="1" visitedClasses="0" numClasses="0" visitedMethods="0" numMethods="0" />
              <MetadataToken>100663298</MetadataToken>
              <Name>System.Void MSBuild.SCM.Tasks.BumpVersion.Bump::.ctor()</Name>
              <SequencePoints />
              <BranchPoints />
              <MethodPoint vc="0" uspid="242" ordinal="0" offset="0" />
            </Method>
          </Methods>
        </Class>
        <Class>
          <Summary numSequencePoints="8" visitedSequencePoints="7" numBranchPoints="5" visitedBranchPoints="4" sequenceCoverage="87.5" branchCoverage="80" maxCyclomaticComplexity="1" minCyclomaticComplexity="1" visitedClasses="1" numClasses="1" visitedMethods="4" numMethods="5" />
          <FullName>MSBuild.SCM.Tasks.BumpVersion.BumpVersion</FullName>
          <Methods>
            <Method visited="true" cyclomaticComplexity="1" nPathComplexity="0" sequenceCoverage="100" branchCoverage="100" isConstructor="false" isStatic="false" isGetter="true" isSetter="false">
              <Summary numSequencePoints="1" visitedSequencePoints="1" numBranchPoints="1" visitedBranchPoints="1" sequenceCoverage="100" branchCoverage="100" maxCyclomaticComplexity="1" minCyclomaticComplexity="1" visitedClasses="0" numClasses="0" visitedMethods="1" numMethods="1" />
              <MetadataToken>100663299</MetadataToken>
              <Name>System.String MSBuild.SCM.Tasks.BumpVersion.BumpVersion::get_AssemblyInfoPath()</Name>
              <FileRef uid="4" />
              <SequencePoints>
                <SequencePoint vc="1" uspid="243" ordinal="0" offset="0" sl="16" sc="42" el="16" ec="46" bec="0" bev="0" fileid="4" />
              </SequencePoints>
              <BranchPoints />
              <MethodPoint xsi:type="SequencePoint" vc="1" uspid="243" ordinal="0" offset="0" sl="16" sc="42" el="16" ec="46" bec="0" bev="0" fileid="4" />
            </Method>
            <Method visited="true" cyclomaticComplexity="1" nPathComplexity="0" sequenceCoverage="100" branchCoverage="100" isConstructor="false" isStatic="false" isGetter="false" isSetter="true">
              <Summary numSequencePoints="1" visitedSequencePoints="1" numBranchPoints="1" visitedBranchPoints="1" sequenceCoverage="100" branchCoverage="100" maxCyclomaticComplexity="1" minCyclomaticComplexity="1" visitedClasses="0" numClasses="0" visitedMethods="1" numMethods="1" />
              <MetadataToken>100663300</MetadataToken>
              <Name>System.Void MSBuild.SCM.Tasks.BumpVersion.BumpVersion::set_AssemblyInfoPath(System.String)</Name>
              <FileRef uid="4" />
              <SequencePoints>
                <SequencePoint vc="1" uspid="244" ordinal="0" offset="0" sl="16" sc="47" el="16" ec="51" bec="0" bev="0" fileid="4" />
              </SequencePoints>
              <BranchPoints />
              <MethodPoint xsi:type="SequencePoint" vc="1" uspid="244" ordinal="0" offset="0" sl="16" sc="47" el="16" ec="51" bec="0" bev="0" fileid="4" />
            </Method>
            <Method visited="true" cyclomaticComplexity="1" nPathComplexity="0" sequenceCoverage="100" branchCoverage="100" isConstructor="false" isStatic="false" isGetter="true" isSetter="false">
              <Summary numSequencePoints="1" visitedSequencePoints="1" numBranchPoints="1" visitedBranchPoints="1" sequenceCoverage="100" branchCoverage="100" maxCyclomaticComplexity="1" minCyclomaticComplexity="1" visitedClasses="0" numClasses="0" visitedMethods="1" numMethods="1" />
              <MetadataToken>100663301</MetadataToken>
              <Name>System.String MSBuild.SCM.Tasks.BumpVersion.BumpVersion::get_Option()</Name>
              <FileRef uid="4" />
              <SequencePoints>
                <SequencePoint vc="1" uspid="245" ordinal="0" offset="0" sl="24" sc="32" el="24" ec="36" bec="0" bev="0" fileid="4" />
              </SequencePoints>
              <BranchPoints />
              <MethodPoint xsi:type="SequencePoint" vc="1" uspid="245" ordinal="0" offset="0" sl="24" sc="32" el="24" ec="36" bec="0" bev="0" fileid="4" />
            </Method>
            <Method visited="false" cyclomaticComplexity="1" nPathComplexity="0" sequenceCoverage="0" branchCoverage="0" isConstructor="false" isStatic="false" isGetter="false" isSetter="true">
              <Summary numSequencePoints="1" visitedSequencePoints="0" numBranchPoints="1" visitedBranchPoints="0" sequenceCoverage="0" branchCoverage="0" maxCyclomaticComplexity="1" minCyclomaticComplexity="1" visitedClasses="0" numClasses="0" visitedMethods="0" numMethods="1" />
              <MetadataToken>100663302</MetadataToken>
              <Name>System.Void MSBuild.SCM.Tasks.BumpVersion.BumpVersion::set_Option(System.String)</Name>
              <FileRef uid="4" />
              <SequencePoints>
                <SequencePoint vc="0" uspid="246" ordinal="0" offset="0" sl="24" sc="37" el="24" ec="41" bec="0" bev="0" fileid="4" />
              </SequencePoints>
              <BranchPoints />
              <MethodPoint xsi:type="SequencePoint" vc="0" uspid="246" ordinal="0" offset="0" sl="24" sc="37" el="24" ec="41" bec="0" bev="0" fileid="4" />
            </Method>
            <Method visited="true" cyclomaticComplexity="1" nPathComplexity="0" sequenceCoverage="100" branchCoverage="100" isConstructor="false" isStatic="false" isGetter="false" isSetter="false">
              <Summary numSequencePoints="4" visitedSequencePoints="4" numBranchPoints="1" visitedBranchPoints="1" sequenceCoverage="100" branchCoverage="100" maxCyclomaticComplexity="1" minCyclomaticComplexity="1" visitedClasses="0" numClasses="0" visitedMethods="1" numMethods="1" />
              <MetadataToken>100663303</MetadataToken>
              <Name>System.Boolean MSBuild.SCM.Tasks.BumpVersion.BumpVersion::Execute()</Name>
              <FileRef uid="4" />
              <SequencePoints>
                <SequencePoint vc="1" uspid="247" ordinal="0" offset="0" sl="27" sc="9" el="27" ec="10" bec="0" bev="0" fileid="4" />
                <SequencePoint vc="1" uspid="248" ordinal="1" offset="1" sl="28" sc="13" el="28" ec="49" bec="0" bev="0" fileid="4" />
                <SequencePoint vc="1" uspid="249" ordinal="2" offset="19" sl="29" sc="13" el="29" ec="25" bec="0" bev="0" fileid="4" />
                <SequencePoint vc="1" uspid="250" ordinal="3" offset="23" sl="30" sc="9" el="30" ec="10" bec="0" bev="0" fileid="4" />
              </SequencePoints>
              <BranchPoints />
              <MethodPoint xsi:type="SequencePoint" vc="1" uspid="247" ordinal="0" offset="0" sl="27" sc="9" el="27" ec="10" bec="0" bev="0" fileid="4" />
            </Method>
            <Method visited="true" cyclomaticComplexity="1" nPathComplexity="0" sequenceCoverage="0" branchCoverage="0" isConstructor="true" isStatic="false" isGetter="false" isSetter="false">
              <Summary numSequencePoints="0" visitedSequencePoints="0" numBranchPoints="0" visitedBranchPoints="0" sequenceCoverage="0" branchCoverage="0" maxCyclomaticComplexity="1" minCyclomaticComplexity="1" visitedClasses="0" numClasses="0" visitedMethods="0" numMethods="0" />
              <MetadataToken>100663304</MetadataToken>
              <Name>System.Void MSBuild.SCM.Tasks.BumpVersion.BumpVersion::.ctor()</Name>
              <SequencePoints />
              <BranchPoints />
              <MethodPoint vc="1" uspid="251" ordinal="0" offset="0" />
            </Method>
          </Methods>
        </Class>
      </Classes>
    </Module>
    <Module hash="34-3F-AA-66-06-0D-15-C4-79-1F-6B-7A-76-53-1D-23-64-79-73-4D">
      <Summary numSequencePoints="142" visitedSequencePoints="14" numBranchPoints="35" visitedBranchPoints="2" sequenceCoverage="9.86" branchCoverage="5.71" maxCyclomaticComplexity="6" minCyclomaticComplexity="1" visitedClasses="2" numClasses="3" visitedMethods="2" numMethods="25" />
      <ModulePath>C:\workspace\msbuildscmtasks\MSBuild.SCM.Tasks.BumpVersion.Test\bin\Debug\MSBuild.SCM.Tasks.Util.dll</ModulePath>
      <ModuleTime>2016-02-12T19:03:41.4096625Z</ModuleTime>
      <ModuleName>MSBuild.SCM.Tasks.Util</ModuleName>
      <Files>
        <File uid="7" fullPath="C:\workspace\msbuildscmtasks\MSBuild.SCM.Tasks.Util\DummyBuildEngine.cs" />
        <File uid="8" fullPath="C:\workspace\msbuildscmtasks\MSBuild.SCM.Tasks.Util\TasksHelper.cs" />
      </Files>
      <Classes>
        <Class>
          <Summary numSequencePoints="0" visitedSequencePoints="0" numBranchPoints="0" visitedBranchPoints="0" sequenceCoverage="0" branchCoverage="0" maxCyclomaticComplexity="0" minCyclomaticComplexity="0" visitedClasses="0" numClasses="0" visitedMethods="0" numMethods="0" />
          <FullName>&lt;Module&gt;</FullName>
          <Methods />
        </Class>
        <Class>
          <Summary numSequencePoints="73" visitedSequencePoints="11" numBranchPoints="19" visitedBranchPoints="1" sequenceCoverage="15.07" branchCoverage="5.26" maxCyclomaticComplexity="1" minCyclomaticComplexity="1" visitedClasses="1" numClasses="1" visitedMethods="1" numMethods="19" />
          <FullName>MSBuild.SCM.Tasks.DummyBuildEngine</FullName>
          <Methods>
            <Method visited="false" cyclomaticComplexity="1" nPathComplexity="0" sequenceCoverage="0" branchCoverage="0" isConstructor="false" isStatic="false" isGetter="true" isSetter="false">
              <Summary numSequencePoints="3" visitedSequencePoints="0" numBranchPoints="1" visitedBranchPoints="0" sequenceCoverage="0" branchCoverage="0" maxCyclomaticComplexity="1" minCyclomaticComplexity="1" visitedClasses="0" numClasses="0" visitedMethods="0" numMethods="1" />
              <MetadataToken>100663297</MetadataToken>
              <Name>System.String MSBuild.SCM.Tasks.DummyBuildEngine::get_ErrorLog()</Name>
              <FileRef uid="7" />
              <SequencePoints>
                <SequencePoint vc="0" uspid="252" ordinal="0" offset="0" sl="17" sc="17" el="17" ec="18" bec="0" bev="0" fileid="7" />
                <SequencePoint vc="0" uspid="253" ordinal="1" offset="1" sl="17" sc="19" el="17" ec="47" bec="0" bev="0" fileid="7" />
                <SequencePoint vc="0" uspid="254" ordinal="2" offset="15" sl="17" sc="48" el="17" ec="49" bec="0" bev="0" fileid="7" />
              </SequencePoints>
              <BranchPoints />
              <MethodPoint xsi:type="SequencePoint" vc="0" uspid="252" ordinal="0" offset="0" sl="17" sc="17" el="17" ec="18" bec="0" bev="0" fileid="7" />
            </Method>
            <Method visited="false" cyclomaticComplexity="1" nPathComplexity="0" sequenceCoverage="0" branchCoverage="0" isConstructor="false" isStatic="false" isGetter="true" isSetter="false">
              <Summary numSequencePoints="3" visitedSequencePoints="0" numBranchPoints="1" visitedBranchPoints="0" sequenceCoverage="0" branchCoverage="0" maxCyclomaticComplexity="1" minCyclomaticComplexity="1" visitedClasses="0" numClasses="0" visitedMethods="0" numMethods="1" />
              <MetadataToken>100663298</MetadataToken>
              <Name>System.String MSBuild.SCM.Tasks.DummyBuildEngine::get_MessageLog()</Name>
              <FileRef uid="7" />
              <SequencePoints>
                <SequencePoint vc="0" uspid="255" ordinal="0" offset="0" sl="23" sc="17" el="23" ec="18" bec="0" bev="0" fileid="7" />
                <SequencePoint vc="0" uspid="256" ordinal="1" offset="1" sl="23" sc="19" el="23" ec="49" bec="0" bev="0" fileid="7" />
                <SequencePoint vc="0" uspid="257" ordinal="2" offset="15" sl="23" sc="50" el="23" ec="51" bec="0" bev="0" fileid="7" />
              </SequencePoints>
              <BranchPoints />
              <MethodPoint xsi:type="SequencePoint" vc="0" uspid="255" ordinal="0" offset="0" sl="23" sc="17" el="23" ec="18" bec="0" bev="0" fileid="7" />
            </Method>
            <Method visited="false" cyclomaticComplexity="1" nPathComplexity="0" sequenceCoverage="0" branchCoverage="0" isConstructor="false" isStatic="false" isGetter="true" isSetter="false">
              <Summary numSequencePoints="3" visitedSequencePoints="0" numBranchPoints="1" visitedBranchPoints="0" sequenceCoverage="0" branchCoverage="0" maxCyclomaticComplexity="1" minCyclomaticComplexity="1" visitedClasses="0" numClasses="0" visitedMethods="0" numMethods="1" />
              <MetadataToken>100663299</MetadataToken>
              <Name>System.String MSBuild.SCM.Tasks.DummyBuildEngine::get_WarningLog()</Name>
              <FileRef uid="7" />
              <SequencePoints>
                <SequencePoint vc="0" uspid="258" ordinal="0" offset="0" sl="29" sc="17" el="29" ec="18" bec="0" bev="0" fileid="7" />
                <SequencePoint vc="0" uspid="259" ordinal="1" offset="1" sl="29" sc="19" el="29" ec="49" bec="0" bev="0" fileid="7" />
                <SequencePoint vc="0" uspid="260" ordinal="2" offset="15" sl="29" sc="50" el="29" ec="51" bec="0" bev="0" fileid="7" />
              </SequencePoints>
              <BranchPoints />
              <MethodPoint xsi:type="SequencePoint" vc="0" uspid="258" ordinal="0" offset="0" sl="29" sc="17" el="29" ec="18" bec="0" bev="0" fileid="7" />
            </Method>
            <Method visited="false" cyclomaticComplexity="1" nPathComplexity="0" sequenceCoverage="0" branchCoverage="0" isConstructor="false" isStatic="false" isGetter="true" isSetter="false">
              <Summary numSequencePoints="3" visitedSequencePoints="0" numBranchPoints="1" visitedBranchPoints="0" sequenceCoverage="0" branchCoverage="0" maxCyclomaticComplexity="1" minCyclomaticComplexity="1" visitedClasses="0" numClasses="0" visitedMethods="0" numMethods="1" />
              <MetadataToken>100663300</MetadataToken>
              <Name>System.String MSBuild.SCM.Tasks.DummyBuildEngine::get_CustomLog()</Name>
              <FileRef uid="7" />
              <SequencePoints>
                <SequencePoint vc="0" uspid="261" ordinal="0" offset="0" sl="36" sc="13" el="36" ec="14" bec="0" bev="0" fileid="7" />
                <SequencePoint vc="0" uspid="262" ordinal="1" offset="1" sl="37" sc="17" el="37" ec="46" bec="0" bev="0" fileid="7" />
                <SequencePoint vc="0" uspid="263" ordinal="2" offset="15" sl="38" sc="13" el="38" ec="14" bec="0" bev="0" fileid="7" />
              </SequencePoints>
              <BranchPoints />
              <MethodPoint xsi:type="SequencePoint" vc="0" uspid="261" ordinal="0" offset="0" sl="36" sc="13" el="36" ec="14" bec="0" bev="0" fileid="7" />
            </Method>
[...]
              <Summary numSequencePoints="3" visitedSequencePoints="3" numBranchPoints="1" visitedBranchPoints="1" sequenceCoverage="100" branchCoverage="100" maxCyclomaticComplexity="1" minCyclomaticComplexity="1" visitedClasses="0" numClasses="0" visitedMethods="1" numMethods="1" />
              <MetadataToken>100663316</MetadataToken>
              <Name>System.String MSBuild.SCM.Tasks.TasksHelper::GetVersionNumber(System.String)</Name>
              <FileRef uid="8" />
              <SequencePoints>
                <SequencePoint vc="34" uspid="325" ordinal="0" offset="0" sl="21" sc="9" el="21" ec="10" bec="0" bev="0" fileid="8" />
                <SequencePoint vc="34" uspid="326" ordinal="1" offset="1" sl="22" sc="13" el="22" ec="153" bec="0" bev="0" fileid="8" />
                <SequencePoint vc="34" uspid="327" ordinal="2" offset="39" sl="23" sc="9" el="23" ec="10" bec="0" bev="0" fileid="8" />
              </SequencePoints>
              <BranchPoints />
              <MethodPoint xsi:type="SequencePoint" vc="34" uspid="325" ordinal="0" offset="0" sl="21" sc="9" el="21" ec="10" bec="0" bev="0" fileid="8" />
            </Method>
            <Method visited="false" cyclomaticComplexity="2" nPathComplexity="2" sequenceCoverage="0" branchCoverage="0" isConstructor="false" isStatic="true" isGetter="false" isSetter="false">
              <Summary numSequencePoints="14" visitedSequencePoints="0" numBranchPoints="3" visitedBranchPoints="0" sequenceCoverage="0" branchCoverage="0" maxCyclomaticComplexity="2" minCyclomaticComplexity="2" visitedClasses="0" numClasses="0" visitedMethods="0" numMethods="1" />
              <MetadataToken>100663317</MetadataToken>
              <Name>System.Boolean MSBuild.SCM.Tasks.TasksHelper::IsFileLocked(System.IO.FileInfo)</Name>
              <FileRef uid="8" />
              <SequencePoints>
                <SequencePoint vc="0" uspid="328" ordinal="0" offset="0" sl="26" sc="9" el="26" ec="10" bec="0" bev="0" fileid="8" />
                <SequencePoint vc="0" uspid="329" ordinal="1" offset="1" sl="27" sc="13" el="27" ec="38" bec="0" bev="0" fileid="8" />
                <SequencePoint vc="0" uspid="330" ordinal="2" offset="3" sl="30" sc="13" el="30" ec="14" bec="0" bev="0" fileid="8" />
                <SequencePoint vc="0" uspid="331" ordinal="3" offset="4" sl="31" sc="17" el="31" ec="89" bec="0" bev="0" fileid="8" />
                <SequencePoint vc="0" uspid="332" ordinal="4" offset="14" sl="32" sc="13" el="32" ec="14" bec="0" bev="0" fileid="8" />
                <SequencePoint vc="0" uspid="333" ordinal="5" offset="17" sl="33" sc="13" el="33" ec="32" bec="0" bev="0" fileid="8" />
                <SequencePoint vc="0" uspid="334" ordinal="6" offset="18" sl="34" sc="13" el="34" ec="14" bec="0" bev="0" fileid="8" />
                <SequencePoint vc="0" uspid="335" ordinal="7" offset="19" sl="39" sc="17" el="39" ec="29" bec="0" bev="0" fileid="8" />
                <SequencePoint vc="0" uspid="336" ordinal="8" offset="25" sl="42" sc="13" el="42" ec="14" bec="0" bev="0" fileid="8" />
                <SequencePoint vc="0" uspid="337" ordinal="9" offset="26" sl="43" sc="17" el="43" ec="36" bec="2" bev="0" fileid="8" />
                <SequencePoint vc="0" uspid="338" ordinal="10" offset="34" sl="44" sc="21" el="44" ec="36" bec="0" bev="0" fileid="8" />
                <SequencePoint vc="0" uspid="339" ordinal="11" offset="41" sl="45" sc="13" el="45" ec="14" bec="0" bev="0" fileid="8" />
                <SequencePoint vc="0" uspid="340" ordinal="12" offset="43" sl="48" sc="13" el="48" ec="26" bec="0" bev="0" fileid="8" />
                <SequencePoint vc="0" uspid="341" ordinal="13" offset="47" sl="49" sc="9" el="49" ec="10" bec="0" bev="0" fileid="8" />
              </SequencePoints>
              <BranchPoints>
                <BranchPoint vc="0" uspid="342" ordinal="0" offset="32" sl="43" path="0" offsetend="34" fileid="8" />
                <BranchPoint vc="0" uspid="343" ordinal="1" offset="32" sl="43" path="1" offsetend="41" fileid="8" />
              </BranchPoints>
              <MethodPoint xsi:type="SequencePoint" vc="0" uspid="328" ordinal="0" offset="0" sl="26" sc="9" el="26" ec="10" bec="0" bev="0" fileid="8" />
            </Method>
            <Method visited="false" cyclomaticComplexity="1" nPathComplexity="0" sequenceCoverage="0" branchCoverage="0" isConstructor="false" isStatic="true" isGetter="false" isSetter="false">
              <Summary numSequencePoints="3" visitedSequencePoints="0" numBranchPoints="1" visitedBranchPoints="0" sequenceCoverage="0" branchCoverage="0" maxCyclomaticComplexity="1" minCyclomaticComplexity="1" visitedClasses="0" numClasses="0" visitedMethods="0" numMethods="1" />
              <MetadataToken>100663318</MetadataToken>
              <Name>System.Void MSBuild.SCM.Tasks.TasksHelper::DeleteDirectory(System.String)</Name>
              <FileRef uid="8" />
              <SequencePoints>
                <SequencePoint vc="0" uspid="344" ordinal="0" offset="0" sl="52" sc="9" el="52" ec="10" bec="0" bev="0" fileid="8" />
                <SequencePoint vc="0" uspid="345" ordinal="1" offset="1" sl="53" sc="13" el="53" ec="42" bec="0" bev="0" fileid="8" />
                <SequencePoint vc="0" uspid="346" ordinal="2" offset="9" sl="54" sc="9" el="54" ec="10" bec="0" bev="0" fileid="8" />
              </SequencePoints>
              <BranchPoints />
              <MethodPoint xsi:type="SequencePoint" vc="0" uspid="344" ordinal="0" offset="0" sl="52" sc="9" el="52" ec="10" bec="0" bev="0" fileid="8" />
            </Method>
            <Method visited="false" cyclomaticComplexity="6" nPathComplexity="8" sequenceCoverage="0" branchCoverage="0" isConstructor="false" isStatic="true" isGetter="false" isSetter="false">
              <Summary numSequencePoints="32" visitedSequencePoints="0" numBranchPoints="7" visitedBranchPoints="0" sequenceCoverage="0" branchCoverage="0" maxCyclomaticComplexity="6" minCyclomaticComplexity="6" visitedClasses="0" numClasses="0" visitedMethods="0" numMethods="1" />
              <MetadataToken>100663319</MetadataToken>
              <Name>System.Void MSBuild.SCM.Tasks.TasksHelper::DeleteDirectory(System.String,System.Boolean)</Name>
              <FileRef uid="8" />
              <SequencePoints>
                <SequencePoint vc="0" uspid="347" ordinal="0" offset="0" sl="57" sc="9" el="57" ec="10" bec="0" bev="0" fileid="8" />
                <SequencePoint vc="0" uspid="348" ordinal="1" offset="1" sl="59" sc="13" el="59" ec="27" bec="2" bev="0" fileid="8" />
                <SequencePoint vc="0" uspid="349" ordinal="2" offset="6" sl="60" sc="13" el="60" ec="14" bec="0" bev="0" fileid="8" />
                <SequencePoint vc="0" uspid="350" ordinal="3" offset="7" sl="62" sc="17" el="62" ec="65" bec="0" bev="0" fileid="8" />
                <SequencePoint vc="0" uspid="351" ordinal="4" offset="14" sl="63" sc="17" el="63" ec="24" bec="0" bev="0" fileid="8" />
                <SequencePoint vc="0" uspid="352" ordinal="5" offset="15" sl="63" sc="35" el="63" ec="45" bec="0" bev="0" fileid="8" />
                <SequencePoint vc="0" uspid="353" ordinal="6" offset="22" sl="63" sc="26" el="63" ec="31" bec="0" bev="0" fileid="8" />
                <SequencePoint vc="0" uspid="354" ordinal="7" offset="28" sl="64" sc="17" el="64" ec="18" bec="0" bev="0" fileid="8" />
                <SequencePoint vc="0" uspid="355" ordinal="8" offset="29" sl="65" sc="21" el="65" ec="51" bec="0" bev="0" fileid="8" />
                <SequencePoint vc="0" uspid="356" ordinal="9" offset="38" sl="66" sc="17" el="66" ec="18" bec="0" bev="0" fileid="8" />
                <SequencePoint vc="0" uspid="357" ordinal="10" offset="45" sl="63" sc="32" el="63" ec="34" bec="0" bev="0" fileid="8" />
                <SequencePoint vc="0" uspid="358" ordinal="11" offset="52" sl="67" sc="13" el="67" ec="14" bec="0" bev="0" fileid="8" />
                <SequencePoint vc="0" uspid="359" ordinal="12" offset="53" sl="70" sc="13" el="70" ec="50" bec="0" bev="0" fileid="8" />
                <SequencePoint vc="0" uspid="360" ordinal="13" offset="60" sl="71" sc="13" el="71" ec="20" bec="0" bev="0" fileid="8" />
                <SequencePoint vc="0" uspid="361" ordinal="14" offset="61" sl="71" sc="31" el="71" ec="36" bec="0" bev="0" fileid="8" />
                <SequencePoint vc="0" uspid="362" ordinal="15" offset="69" sl="71" sc="22" el="71" ec="27" bec="0" bev="0" fileid="8" />
                <SequencePoint vc="0" uspid="363" ordinal="16" offset="76" sl="72" sc="13" el="72" ec="14" bec="0" bev="0" fileid="8" />
                <SequencePoint vc="0" uspid="364" ordinal="17" offset="77" sl="74" sc="17" el="74" ec="50" bec="0" bev="0" fileid="8" />
                <SequencePoint vc="0" uspid="365" ordinal="18" offset="86" sl="77" sc="17" el="77" ec="81" bec="2" bev="0" fileid="8" />
                <SequencePoint vc="0" uspid="366" ordinal="19" offset="99" sl="78" sc="17" el="78" ec="18" bec="0" bev="0" fileid="8" />
                <SequencePoint vc="0" uspid="367" ordinal="20" offset="100" sl="80" sc="21" el="80" ec="75" bec="0" bev="0" fileid="8" />
                <SequencePoint vc="0" uspid="368" ordinal="21" offset="112" sl="81" sc="17" el="81" ec="18" bec="0" bev="0" fileid="8" />
                <SequencePoint vc="0" uspid="369" ordinal="22" offset="113" sl="84" sc="17" el="84" ec="47" bec="0" bev="0" fileid="8" />
                <SequencePoint vc="0" uspid="370" ordinal="23" offset="124" sl="86" sc="17" el="86" ec="18" bec="0" bev="0" fileid="8" />
                <SequencePoint vc="0" uspid="371" ordinal="24" offset="125" sl="87" sc="21" el="87" ec="40" bec="0" bev="0" fileid="8" />
                <SequencePoint vc="0" uspid="372" ordinal="25" offset="136" sl="88" sc="17" el="88" ec="18" bec="0" bev="0" fileid="8" />
                <SequencePoint vc="0" uspid="373" ordinal="26" offset="137" sl="85" sc="17" el="85" ec="53" bec="2" bev="0" fileid="8" />
                <SequencePoint vc="0" uspid="374" ordinal="27" offset="150" sl="89" sc="17" el="89" ec="32" bec="0" bev="0" fileid="8" />
                <SequencePoint vc="0" uspid="375" ordinal="28" offset="158" sl="90" sc="13" el="90" ec="14" bec="0" bev="0" fileid="8" />
                <SequencePoint vc="0" uspid="376" ordinal="29" offset="165" sl="71" sc="28" el="71" ec="30" bec="0" bev="0" fileid="8" />
                <SequencePoint vc="0" uspid="377" ordinal="30" offset="173" sl="95" sc="17" el="95" ec="40" bec="0" bev="0" fileid="8" />
                <SequencePoint vc="0" uspid="378" ordinal="31" offset="180" sl="100" sc="9" el="100" ec="10" bec="0" bev="0" fileid="8" />
              </SequencePoints>
              <BranchPoints>
                <BranchPoint vc="0" uspid="379" ordinal="0" offset="4" sl="59" path="0" offsetend="6" fileid="8" />
                <BranchPoint vc="0" uspid="380" ordinal="1" offset="4" sl="59" path="1" offsetend="53" fileid="8" />
                <BranchPoint vc="0" uspid="383" ordinal="4" offset="97" sl="77" path="0" offsetend="99" fileid="8" />
                <BranchPoint vc="0" uspid="384" ordinal="5" offset="97" sl="77" path="1" offsetend="113" fileid="8" />
                <BranchPoint vc="0" uspid="385" ordinal="6" offset="148" sl="85" path="0" offsetend="150" fileid="8" />
                <BranchPoint vc="0" uspid="386" ordinal="7" offset="148" sl="85" path="1" offsetend="124" fileid="8" />
              </BranchPoints>
              <MethodPoint xsi:type="SequencePoint" vc="0" uspid="347" ordinal="0" offset="0" sl="57" sc="9" el="57" ec="10" bec="0" bev="0" fileid="8" />
            </Method>
            <Method visited="false" cyclomaticComplexity="5" nPathComplexity="2" sequenceCoverage="0" branchCoverage="0" isConstructor="false" isStatic="true" isGetter="false" isSetter="false">
              <Summary numSequencePoints="16" visitedSequencePoints="0" numBranchPoints="3" visitedBranchPoints="0" sequenceCoverage="0" branchCoverage="0" maxCyclomaticComplexity="5" minCyclomaticComplexity="5" visitedClasses="0" numClasses="0" visitedMethods="0" numMethods="1" />
              <MetadataToken>100663320</MetadataToken>
              <Name>System.String MSBuild.SCM.Tasks.TasksHelper::GetProductVersion(System.String)</Name>
              <FileRef uid="8" />
              <SequencePoints>
                <SequencePoint vc="0" uspid="389" ordinal="0" offset="0" sl="103" sc="9" el="103" ec="10" bec="0" bev="0" fileid="8" />
                <SequencePoint vc="0" uspid="390" ordinal="1" offset="1" sl="104" sc="13" el="104" ec="39" bec="0" bev="0" fileid="8" />
                <SequencePoint vc="0" uspid="391" ordinal="2" offset="7" sl="105" sc="13" el="105" ec="47" bec="2" bev="0" fileid="8" />
                <SequencePoint vc="0" uspid="392" ordinal="3" offset="20" sl="106" sc="13" el="106" ec="14" bec="0" bev="0" fileid="8" />
                <SequencePoint vc="0" uspid="393" ordinal="4" offset="21" sl="107" sc="17" el="107" ec="73" bec="0" bev="0" fileid="8" />
                <SequencePoint vc="0" uspid="394" ordinal="5" offset="28" sl="108" sc="17" el="108" ec="104" bec="0" bev="0" fileid="8" />
                <SequencePoint vc="0" uspid="395" ordinal="6" offset="66" sl="109" sc="17" el="109" ec="24" bec="0" bev="0" fileid="8" />
                <SequencePoint vc="0" uspid="396" ordinal="7" offset="67" sl="109" sc="41" el="109" ec="57" bec="0" bev="0" fileid="8" />
                <SequencePoint vc="0" uspid="397" ordinal="8" offset="77" sl="109" sc="26" el="109" ec="37" bec="0" bev="0" fileid="8" />
                <SequencePoint vc="0" uspid="398" ordinal="9" offset="86" sl="110" sc="17" el="110" ec="18" bec="0" bev="0" fileid="8" />
                <SequencePoint vc="0" uspid="399" ordinal="10" offset="87" sl="111" sc="21" el="111" ec="122" bec="0" bev="0" fileid="8" />
                <SequencePoint vc="0" uspid="400" ordinal="11" offset="127" sl="112" sc="21" el="112" ec="27" bec="0" bev="0" fileid="8" />
                <SequencePoint vc="0" uspid="401" ordinal="12" offset="129" sl="109" sc="38" el="109" ec="40" bec="0" bev="0" fileid="8" />
                <SequencePoint vc="0" uspid="402" ordinal="13" offset="153" sl="115" sc="13" el="115" ec="14" bec="0" bev="0" fileid="8" />
                <SequencePoint vc="0" uspid="403" ordinal="14" offset="154" sl="117" sc="13" el="117" ec="34" bec="0" bev="0" fileid="8" />
                <SequencePoint vc="0" uspid="404" ordinal="15" offset="159" sl="118" sc="9" el="118" ec="10" bec="0" bev="0" fileid="8" />
              </SequencePoints>
              <BranchPoints>
                <BranchPoint vc="0" uspid="405" ordinal="0" offset="15" sl="105" path="0" offsetend="20" fileid="8" />
                <BranchPoint vc="0" uspid="406" ordinal="1" offset="15" sl="105" path="1" offsetend="154" fileid="8" />
              </BranchPoints>
              <MethodPoint xsi:type="SequencePoint" vc="0" uspid="389" ordinal="0" offset="0" sl="103" sc="9" el="103" ec="10" bec="0" bev="0" fileid="8" />
            </Method>
            <Method visited="false" cyclomaticComplexity="1" nPathComplexity="0" sequenceCoverage="0" branchCoverage="0" isConstructor="true" isStatic="false" isGetter="false" isSetter="false">
              <Summary numSequencePoints="0" visitedSequencePoints="0" numBranchPoints="0" visitedBranchPoints="0" sequenceCoverage="0" branchCoverage="0" maxCyclomaticComplexity="1" minCyclomaticComplexity="1" visitedClasses="0" numClasses="0" visitedMethods="0" numMethods="0" />
              <MetadataToken>100663321</MetadataToken>
              <Name>System.Void MSBuild.SCM.Tasks.TasksHelper::.ctor()</Name>
              <SequencePoints />
              <BranchPoints />
              <MethodPoint vc="0" uspid="411" ordinal="0" offset="0" />
            </Method>
          </Methods>
        </Class>
        <Class>
          <Summary numSequencePoints="1" visitedSequencePoints="0" numBranchPoints="1" visitedBranchPoints="0" sequenceCoverage="0" branchCoverage="0" maxCyclomaticComplexity="1" minCyclomaticComplexity="1" visitedClasses="0" numClasses="1" visitedMethods="0" numMethods="1" />
          <FullName>MSBuild.SCM.Tasks.TasksHelper/&lt;&gt;c</FullName>
          <Methods>
            <Method visited="false" cyclomaticComplexity="1" nPathComplexity="0" sequenceCoverage="0" branchCoverage="0" isConstructor="true" isStatic="true" isGetter="false" isSetter="false">
              <Summary numSequencePoints="0" visitedSequencePoints="0" numBranchPoints="0" visitedBranchPoints="0" sequenceCoverage="0" branchCoverage="0" maxCyclomaticComplexity="1" minCyclomaticComplexity="1" visitedClasses="0" numClasses="0" visitedMethods="0" numMethods="0" />
              <MetadataToken>100663322</MetadataToken>
              <Name>System.Void MSBuild.SCM.Tasks.TasksHelper/&lt;&gt;c::.cctor()</Name>
              <SequencePoints />
              <BranchPoints />
              <MethodPoint vc="0" uspid="412" ordinal="0" offset="0" />
            </Method>
            <Method visited="false" cyclomaticComplexity="1" nPathComplexity="0" sequenceCoverage="0" branchCoverage="0" isConstructor="true" isStatic="false" isGetter="false" isSetter="false">
              <Summary numSequencePoints="0" visitedSequencePoints="0" numBranchPoints="0" visitedBranchPoints="0" sequenceCoverage="0" branchCoverage="0" maxCyclomaticComplexity="1" minCyclomaticComplexity="1" visitedClasses="0" numClasses="0" visitedMethods="0" numMethods="0" />
              <MetadataToken>100663323</MetadataToken>
              <Name>System.Void MSBuild.SCM.Tasks.TasksHelper/&lt;&gt;c::.ctor()</Name>
              <SequencePoints />
              <BranchPoints />
              <MethodPoint vc="0" uspid="413" ordinal="0" offset="0" />
            </Method>
            <Method visited="false" cyclomaticComplexity="1" nPathComplexity="0" sequenceCoverage="0" branchCoverage="0" isConstructor="false" isStatic="false" isGetter="false" isSetter="false">
              <Summary numSequencePoints="1" visitedSequencePoints="0" numBranchPoints="1" visitedBranchPoints="0" sequenceCoverage="0" branchCoverage="0" maxCyclomaticComplexity="1" minCyclomaticComplexity="1" visitedClasses="0" numClasses="0" visitedMethods="0" numMethods="1" />
              <MetadataToken>100663324</MetadataToken>
              <Name>System.Boolean MSBuild.SCM.Tasks.TasksHelper/&lt;&gt;c::&lt;GetProductVersion&gt;b__4_0(System.String)</Name>
              <FileRef uid="8" />
              <SequencePoints>
                <SequencePoint vc="0" uspid="414" ordinal="0" offset="0" sl="108" sc="60" el="108" ec="102" bec="0" bev="0" fileid="8" />
              </SequencePoints>
              <BranchPoints />
              <MethodPoint xsi:type="SequencePoint" vc="0" uspid="414" ordinal="0" offset="0" sl="108" sc="60" el="108" ec="102" bec="0" bev="0" fileid="8" />
            </Method>
          </Methods>
        </Class>
      </Classes>
    </Module>
    <Module skippedDueTo="Filter" hash="4F-27-2E-83-BB-E7-5C-BB-4D-B2-76-0E-DD-B2-5D-24-40-69-A4-B2">
      <ModulePath>C:\WINDOWS\Microsoft.Net\assembly\GAC_MSIL\Microsoft.Build.Utilities.v4.0\v4.0_4.0.0.0__b03f5f7f11d50a3a\Microsoft.Build.Utilities.v4.0.dll</ModulePath>
      <ModuleTime>2015-10-30T07:19:36.2370217Z</ModuleTime>
      <ModuleName>Microsoft.Build.Utilities.v4.0</ModuleName>
      <Classes />
    </Module>
    <Module skippedDueTo="Filter" hash="05-28-3C-47-25-81-0E-3D-3C-B3-89-E0-7C-17-BF-75-C3-CA-D0-4D">
      <ModulePath>C:\WINDOWS\Microsoft.Net\assembly\GAC_MSIL\Microsoft.Build.Framework\v4.0_4.0.0.0__b03f5f7f11d50a3a\Microsoft.Build.Framework.dll</ModulePath>
      <ModuleTime>2015-10-30T07:19:31.4870374Z</ModuleTime>
      <ModuleName>Microsoft.Build.Framework</ModuleName>
      <Classes />
    </Module>
  </Modules>
</CoverageSession>